27-Sep-2023 19:54:06.969 INFO [main] org.apache.catalina.startup.VersionLoggerListener.log Server version name:   Apache Tomcat/9.0.80
27-Sep-2023 19:54:06.973 INFO [main] org.apache.catalina.startup.VersionLoggerListener.log Server built:          Aug 23 2023 21:59:38 UTC
27-Sep-2023 19:54:06.974 INFO [main] org.apache.catalina.startup.VersionLoggerListener.log Server version number: 9.0.80.0
27-Sep-2023 19:54:06.974 INFO [main] org.apache.catalina.startup.VersionLoggerListener.log OS Name:               Windows 10
27-Sep-2023 19:54:06.974 INFO [main] org.apache.catalina.startup.VersionLoggerListener.log Версия ОС:             10.0
27-Sep-2023 19:54:06.974 INFO [main] org.apache.catalina.startup.VersionLoggerListener.log Архитектура:           amd64
27-Sep-2023 19:54:06.975 INFO [main] org.apache.catalina.startup.VersionLoggerListener.log Java Home:             C:\Program Files\Java\jdk-18.0.2.1
27-Sep-2023 19:54:06.975 INFO [main] org.apache.catalina.startup.VersionLoggerListener.log Версия JVM:            18.0.2.1+1-1
27-Sep-2023 19:54:06.975 INFO [main] org.apache.catalina.startup.VersionLoggerListener.log JVM Vendor:            Oracle Corporation
27-Sep-2023 19:54:06.975 INFO [main] org.apache.catalina.startup.VersionLoggerListener.log CATALINA_BASE:         C:\Users\Acer\projects\spring2t2
27-Sep-2023 19:54:06.975 INFO [main] org.apache.catalina.startup.VersionLoggerListener.log CATALINA_HOME:         C:\tomcat\apache-tomcat-9.0.80
27-Sep-2023 19:54:06.987 INFO [main] org.apache.catalina.startup.VersionLoggerListener.log Command line argument: --add-opens=java.base/java.lang=ALL-UNNAMED
27-Sep-2023 19:54:06.987 INFO [main] org.apache.catalina.startup.VersionLoggerListener.log Command line argument: --add-opens=java.base/java.io=ALL-UNNAMED
27-Sep-2023 19:54:06.987 INFO [main] org.apache.catalina.startup.VersionLoggerListener.log Command line argument: --add-opens=java.base/java.util=ALL-UNNAMED
27-Sep-2023 19:54:06.987 INFO [main] org.apache.catalina.startup.VersionLoggerListener.log Command line argument: --add-opens=java.base/java.util.concurrent=ALL-UNNAMED
27-Sep-2023 19:54:06.987 INFO [main] org.apache.catalina.startup.VersionLoggerListener.log Command line argument: --add-opens=java.rmi/sun.rmi.transport=ALL-UNNAMED
27-Sep-2023 19:54:06.987 INFO [main] org.apache.catalina.startup.VersionLoggerListener.log Command line argument: -Dcatalina.home=C:\tomcat\apache-tomcat-9.0.80
27-Sep-2023 19:54:06.987 INFO [main] org.apache.catalina.startup.VersionLoggerListener.log Command line argument: -Dcatalina.base=C:\Users\Acer\projects\spring2t2
27-Sep-2023 19:54:06.988 INFO [main] org.apache.catalina.startup.VersionLoggerListener.log Command line argument: -Djava.io.tmpdir=C:\Users\Acer\projects\spring2t2\temp
27-Sep-2023 19:54:06.988 INFO [main] org.apache.catalina.startup.VersionLoggerListener.log Command line argument: -Djava.util.logging.config.file=C:\Users\Acer\projects\spring2t2\conf\logging.properties
27-Sep-2023 19:54:06.988 INFO [main] org.apache.catalina.startup.VersionLoggerListener.log Command line argument: -Djava.util.logging.manager=org.apache.juli.ClassLoaderLogManager
27-Sep-2023 19:54:06.988 INFO [main] org.apache.catalina.startup.VersionLoggerListener.log Command line argument: -javaagent:C:\Program Files\JetBrains\IntelliJ IDEA Community Edition 2023.1\lib\idea_rt.jar=57045:C:\Program Files\JetBrains\IntelliJ IDEA Community Edition 2023.1\bin
27-Sep-2023 19:54:06.988 INFO [main] org.apache.catalina.startup.VersionLoggerListener.log Command line argument: -Dfile.encoding=UTF-8
27-Sep-2023 19:54:06.988 INFO [main] org.apache.catalina.startup.VersionLoggerListener.log Command line argument: -Dsun.stdout.encoding=UTF-8
27-Sep-2023 19:54:06.988 INFO [main] org.apache.catalina.startup.VersionLoggerListener.log Command line argument: -Dsun.stderr.encoding=UTF-8
27-Sep-2023 19:54:07.002 INFO [main] org.apache.catalina.core.AprLifecycleListener.lifecycleEvent The Apache Tomcat Native library which allows using OpenSSL was not found on the java.library.path: [C:\Program Files\Java\jdk-18.0.2.1\bin;C:\Windows\Sun\Java\bin;C:\Windows\system32;C:\Windows;C:\Python27\;C:\Python27\Scripts;C:\oraclexe\app\oracle\product\10.2.0\server\bin;C:\Program Files\Common Files\Oracle\Java\javapath;C:\Program Files\Microsoft\jdk-17.0.7.7-hotspot\bin;C:\Windows\system32;C:\Windows;C:\Windows\System32\Wbem;C:\Windows\System32\WindowsPowerShell\v1.0\;C:\Windows\System32\OpenSSH\;C:\Program Files\CMake\bin;C:\Program Files\MySQL\MySQL Shell 8.0\bin\;C:\Users\Acer\AppData\Local\Programs\Python\Python311\Scripts\;C:\Users\Acer\AppData\Local\Programs\Python\Python311\;C:\Users\Acer\AppData\Local\Microsoft\WindowsApps;;C:\Program Files\JetBrains\PyCharm Community Edition 2023.1.2\bin;;.]
27-Sep-2023 19:54:07.596 INFO [main] org.apache.coyote.AbstractProtocol.init Initializing ProtocolHandler ["http-nio-8099"]
27-Sep-2023 19:54:07.625 INFO [main] org.apache.catalina.startup.Catalina.load Server initialization in [1043] milliseconds
27-Sep-2023 19:54:07.689 INFO [main] org.apache.catalina.core.StandardService.startInternal Starting service [Catalina]
27-Sep-2023 19:54:07.689 INFO [main] org.apache.catalina.core.StandardEngine.startInternal Starting Servlet engine: [Apache Tomcat/9.0.80]
27-Sep-2023 19:54:07.703 INFO [main] org.apache.catalina.startup.HostConfig.deployDescriptor Deploying deployment descriptor [C:\Users\Acer\projects\spring2t2\conf\Catalina\localhost\spring2t2.xml]
27-Sep-2023 19:54:09.120 INFO [main] org.apache.jasper.servlet.TldScanner.scanJars At least one JAR was scanned for TLDs yet contained no TLDs. Enable debug logging for this logger for a complete list of JARs that were scanned but no TLDs were found in them. Skipping unneeded JARs during scanning can improve startup time and JSP compilation time.
27-Sep-2023 19:54:09.279 INFO [main] org.apache.catalina.startup.HostConfig.deployDescriptor Deployment of deployment descriptor [C:\Users\Acer\projects\spring2t2\conf\Catalina\localhost\spring2t2.xml] has finished in [1 572] ms
27-Sep-2023 19:54:09.283 INFO [main] org.apache.coyote.AbstractProtocol.start Starting ProtocolHandler ["http-nio-8099"]
27-Sep-2023 19:54:09.372 INFO [main] org.apache.catalina.startup.Catalina.start Server startup in [1743] milliseconds
27-Sep-2023 19:58:15.019 INFO [Thread-1] org.apache.coyote.AbstractProtocol.pause Pausing ProtocolHandler ["http-nio-8099"]
27-Sep-2023 19:58:15.036 INFO [Thread-1] org.apache.catalina.core.StandardService.stopInternal Stopping service [Catalina]
27-Sep-2023 19:58:15.064 INFO [Thread-1] org.apache.coyote.AbstractProtocol.stop Stopping ProtocolHandler ["http-nio-8099"]
27-Sep-2023 19:58:15.075 INFO [Thread-1] org.apache.coyote.AbstractProtocol.destroy Destroying ProtocolHandler ["http-nio-8099"]
27-Sep-2023 19:59:06.346 INFO [main] org.apache.catalina.startup.VersionLoggerListener.log Server version name:   Apache Tomcat/9.0.80
27-Sep-2023 19:59:06.352 INFO [main] org.apache.catalina.startup.VersionLoggerListener.log Server built:          Aug 23 2023 21:59:38 UTC
27-Sep-2023 19:59:06.352 INFO [main] org.apache.catalina.startup.VersionLoggerListener.log Server version number: 9.0.80.0
27-Sep-2023 19:59:06.353 INFO [main] org.apache.catalina.startup.VersionLoggerListener.log OS Name:               Windows 10
27-Sep-2023 19:59:06.353 INFO [main] org.apache.catalina.startup.VersionLoggerListener.log Версия ОС:             10.0
27-Sep-2023 19:59:06.353 INFO [main] org.apache.catalina.startup.VersionLoggerListener.log Архитектура:           amd64
27-Sep-2023 19:59:06.353 INFO [main] org.apache.catalina.startup.VersionLoggerListener.log Java Home:             C:\Program Files\Java\jdk-18.0.2.1
27-Sep-2023 19:59:06.353 INFO [main] org.apache.catalina.startup.VersionLoggerListener.log Версия JVM:            18.0.2.1+1-1
27-Sep-2023 19:59:06.354 INFO [main] org.apache.catalina.startup.VersionLoggerListener.log JVM Vendor:            Oracle Corporation
27-Sep-2023 19:59:06.354 INFO [main] org.apache.catalina.startup.VersionLoggerListener.log CATALINA_BASE:         C:\Users\Acer\projects\spring2t2
27-Sep-2023 19:59:06.354 INFO [main] org.apache.catalina.startup.VersionLoggerListener.log CATALINA_HOME:         C:\tomcat\apache-tomcat-9.0.80
27-Sep-2023 19:59:06.366 INFO [main] org.apache.catalina.startup.VersionLoggerListener.log Command line argument: --add-opens=java.base/java.lang=ALL-UNNAMED
27-Sep-2023 19:59:06.366 INFO [main] org.apache.catalina.startup.VersionLoggerListener.log Command line argument: --add-opens=java.base/java.io=ALL-UNNAMED
27-Sep-2023 19:59:06.366 INFO [main] org.apache.catalina.startup.VersionLoggerListener.log Command line argument: --add-opens=java.base/java.util=ALL-UNNAMED
27-Sep-2023 19:59:06.366 INFO [main] org.apache.catalina.startup.VersionLoggerListener.log Command line argument: --add-opens=java.base/java.util.concurrent=ALL-UNNAMED
27-Sep-2023 19:59:06.366 INFO [main] org.apache.catalina.startup.VersionLoggerListener.log Command line argument: --add-opens=java.rmi/sun.rmi.transport=ALL-UNNAMED
27-Sep-2023 19:59:06.367 INFO [main] org.apache.catalina.startup.VersionLoggerListener.log Command line argument: -Dcatalina.home=C:\tomcat\apache-tomcat-9.0.80
27-Sep-2023 19:59:06.367 INFO [main] org.apache.catalina.startup.VersionLoggerListener.log Command line argument: -Dcatalina.base=C:\Users\Acer\projects\spring2t2
27-Sep-2023 19:59:06.367 INFO [main] org.apache.catalina.startup.VersionLoggerListener.log Command line argument: -Djava.io.tmpdir=C:\Users\Acer\projects\spring2t2\temp
27-Sep-2023 19:59:06.367 INFO [main] org.apache.catalina.startup.VersionLoggerListener.log Command line argument: -Djava.util.logging.config.file=C:\Users\Acer\projects\spring2t2\conf\logging.properties
27-Sep-2023 19:59:06.367 INFO [main] org.apache.catalina.startup.VersionLoggerListener.log Command line argument: -Djava.util.logging.manager=org.apache.juli.ClassLoaderLogManager
27-Sep-2023 19:59:06.367 INFO [main] org.apache.catalina.startup.VersionLoggerListener.log Command line argument: -javaagent:C:\Program Files\JetBrains\IntelliJ IDEA Community Edition 2023.1\lib\idea_rt.jar=57084:C:\Program Files\JetBrains\IntelliJ IDEA Community Edition 2023.1\bin
27-Sep-2023 19:59:06.368 INFO [main] org.apache.catalina.startup.VersionLoggerListener.log Command line argument: -Dfile.encoding=UTF-8
27-Sep-2023 19:59:06.368 INFO [main] org.apache.catalina.startup.VersionLoggerListener.log Command line argument: -Dsun.stdout.encoding=UTF-8
27-Sep-2023 19:59:06.368 INFO [main] org.apache.catalina.startup.VersionLoggerListener.log Command line argument: -Dsun.stderr.encoding=UTF-8
27-Sep-2023 19:59:06.383 INFO [main] org.apache.catalina.core.AprLifecycleListener.lifecycleEvent The Apache Tomcat Native library which allows using OpenSSL was not found on the java.library.path: [C:\Program Files\Java\jdk-18.0.2.1\bin;C:\Windows\Sun\Java\bin;C:\Windows\system32;C:\Windows;C:\Python27\;C:\Python27\Scripts;C:\oraclexe\app\oracle\product\10.2.0\server\bin;C:\Program Files\Common Files\Oracle\Java\javapath;C:\Program Files\Microsoft\jdk-17.0.7.7-hotspot\bin;C:\Windows\system32;C:\Windows;C:\Windows\System32\Wbem;C:\Windows\System32\WindowsPowerShell\v1.0\;C:\Windows\System32\OpenSSH\;C:\Program Files\CMake\bin;C:\Program Files\MySQL\MySQL Shell 8.0\bin\;C:\Users\Acer\AppData\Local\Programs\Python\Python311\Scripts\;C:\Users\Acer\AppData\Local\Programs\Python\Python311\;C:\Users\Acer\AppData\Local\Microsoft\WindowsApps;;C:\Program Files\JetBrains\PyCharm Community Edition 2023.1.2\bin;;.]
27-Sep-2023 19:59:06.998 INFO [main] org.apache.coyote.AbstractProtocol.init Initializing ProtocolHandler ["http-nio-8099"]
27-Sep-2023 19:59:07.053 INFO [main] org.apache.catalina.startup.Catalina.load Server initialization in [1063] milliseconds
27-Sep-2023 19:59:07.134 INFO [main] org.apache.catalina.core.StandardService.startInternal Starting service [Catalina]
27-Sep-2023 19:59:07.135 INFO [main] org.apache.catalina.core.StandardEngine.startInternal Starting Servlet engine: [Apache Tomcat/9.0.80]
27-Sep-2023 19:59:07.153 INFO [main] org.apache.catalina.startup.HostConfig.deployDescriptor Deploying deployment descriptor [C:\Users\Acer\projects\spring2t2\conf\Catalina\localhost\spring2t2.xml]
27-Sep-2023 19:59:08.363 INFO [main] org.apache.jasper.servlet.TldScanner.scanJars At least one JAR was scanned for TLDs yet contained no TLDs. Enable debug logging for this logger for a complete list of JARs that were scanned but no TLDs were found in them. Skipping unneeded JARs during scanning can improve startup time and JSP compilation time.
27-Sep-2023 19:59:08.555 INFO [main] org.apache.catalina.startup.HostConfig.deployDescriptor Deployment of deployment descriptor [C:\Users\Acer\projects\spring2t2\conf\Catalina\localhost\spring2t2.xml] has finished in [1 399] ms
27-Sep-2023 19:59:08.559 INFO [main] org.apache.coyote.AbstractProtocol.start Starting ProtocolHandler ["http-nio-8099"]
27-Sep-2023 19:59:08.658 INFO [main] org.apache.catalina.startup.Catalina.start Server startup in [1601] milliseconds
27-Sep-2023 19:59:40.945 INFO [Thread-1] org.apache.coyote.AbstractProtocol.pause Pausing ProtocolHandler ["http-nio-8099"]
27-Sep-2023 19:59:40.962 INFO [Thread-1] org.apache.catalina.core.StandardService.stopInternal Stopping service [Catalina]
27-Sep-2023 19:59:40.991 INFO [Thread-1] org.apache.coyote.AbstractProtocol.stop Stopping ProtocolHandler ["http-nio-8099"]
27-Sep-2023 20:00:06.025 INFO [main] org.apache.catalina.startup.VersionLoggerListener.log Server version name:   Apache Tomcat/9.0.80
27-Sep-2023 20:00:06.031 INFO [main] org.apache.catalina.startup.VersionLoggerListener.log Server built:          Aug 23 2023 21:59:38 UTC
27-Sep-2023 20:00:06.031 INFO [main] org.apache.catalina.startup.VersionLoggerListener.log Server version number: 9.0.80.0
27-Sep-2023 20:00:06.031 INFO [main] org.apache.catalina.startup.VersionLoggerListener.log OS Name:               Windows 10
27-Sep-2023 20:00:06.032 INFO [main] org.apache.catalina.startup.VersionLoggerListener.log Версия ОС:             10.0
27-Sep-2023 20:00:06.032 INFO [main] org.apache.catalina.startup.VersionLoggerListener.log Архитектура:           amd64
27-Sep-2023 20:00:06.032 INFO [main] org.apache.catalina.startup.VersionLoggerListener.log Java Home:             C:\Program Files\Java\jdk-18.0.2.1
27-Sep-2023 20:00:06.032 INFO [main] org.apache.catalina.startup.VersionLoggerListener.log Версия JVM:            18.0.2.1+1-1
27-Sep-2023 20:00:06.032 INFO [main] org.apache.catalina.startup.VersionLoggerListener.log JVM Vendor:            Oracle Corporation
27-Sep-2023 20:00:06.032 INFO [main] org.apache.catalina.startup.VersionLoggerListener.log CATALINA_BASE:         C:\Users\Acer\projects\spring2t2
27-Sep-2023 20:00:06.033 INFO [main] org.apache.catalina.startup.VersionLoggerListener.log CATALINA_HOME:         C:\tomcat\apache-tomcat-9.0.80
27-Sep-2023 20:00:06.045 INFO [main] org.apache.catalina.startup.VersionLoggerListener.log Command line argument: --add-opens=java.base/java.lang=ALL-UNNAMED
27-Sep-2023 20:00:06.045 INFO [main] org.apache.catalina.startup.VersionLoggerListener.log Command line argument: --add-opens=java.base/java.io=ALL-UNNAMED
27-Sep-2023 20:00:06.046 INFO [main] org.apache.catalina.startup.VersionLoggerListener.log Command line argument: --add-opens=java.base/java.util=ALL-UNNAMED
27-Sep-2023 20:00:06.046 INFO [main] org.apache.catalina.startup.VersionLoggerListener.log Command line argument: --add-opens=java.base/java.util.concurrent=ALL-UNNAMED
27-Sep-2023 20:00:06.046 INFO [main] org.apache.catalina.startup.VersionLoggerListener.log Command line argument: --add-opens=java.rmi/sun.rmi.transport=ALL-UNNAMED
27-Sep-2023 20:00:06.046 INFO [main] org.apache.catalina.startup.VersionLoggerListener.log Command line argument: -Dcatalina.home=C:\tomcat\apache-tomcat-9.0.80
27-Sep-2023 20:00:06.046 INFO [main] org.apache.catalina.startup.VersionLoggerListener.log Command line argument: -Dcatalina.base=C:\Users\Acer\projects\spring2t2
27-Sep-2023 20:00:06.046 INFO [main] org.apache.catalina.startup.VersionLoggerListener.log Command line argument: -Djava.io.tmpdir=C:\Users\Acer\projects\spring2t2\temp
27-Sep-2023 20:00:06.046 INFO [main] org.apache.catalina.startup.VersionLoggerListener.log Command line argument: -Djava.util.logging.config.file=C:\Users\Acer\projects\spring2t2\conf\logging.properties
27-Sep-2023 20:00:06.046 INFO [main] org.apache.catalina.startup.VersionLoggerListener.log Command line argument: -Djava.util.logging.manager=org.apache.juli.ClassLoaderLogManager
27-Sep-2023 20:00:06.047 INFO [main] org.apache.catalina.startup.VersionLoggerListener.log Command line argument: -javaagent:C:\Program Files\JetBrains\IntelliJ IDEA Community Edition 2023.1\lib\idea_rt.jar=57104:C:\Program Files\JetBrains\IntelliJ IDEA Community Edition 2023.1\bin
27-Sep-2023 20:00:06.047 INFO [main] org.apache.catalina.startup.VersionLoggerListener.log Command line argument: -Dfile.encoding=UTF-8
27-Sep-2023 20:00:06.047 INFO [main] org.apache.catalina.startup.VersionLoggerListener.log Command line argument: -Dsun.stdout.encoding=UTF-8
27-Sep-2023 20:00:06.047 INFO [main] org.apache.catalina.startup.VersionLoggerListener.log Command line argument: -Dsun.stderr.encoding=UTF-8
27-Sep-2023 20:00:06.061 INFO [main] org.apache.catalina.core.AprLifecycleListener.lifecycleEvent The Apache Tomcat Native library which allows using OpenSSL was not found on the java.library.path: [C:\Program Files\Java\jdk-18.0.2.1\bin;C:\Windows\Sun\Java\bin;C:\Windows\system32;C:\Windows;C:\Python27\;C:\Python27\Scripts;C:\oraclexe\app\oracle\product\10.2.0\server\bin;C:\Program Files\Common Files\Oracle\Java\javapath;C:\Program Files\Microsoft\jdk-17.0.7.7-hotspot\bin;C:\Windows\system32;C:\Windows;C:\Windows\System32\Wbem;C:\Windows\System32\WindowsPowerShell\v1.0\;C:\Windows\System32\OpenSSH\;C:\Program Files\CMake\bin;C:\Program Files\MySQL\MySQL Shell 8.0\bin\;C:\Users\Acer\AppData\Local\Programs\Python\Python311\Scripts\;C:\Users\Acer\AppData\Local\Programs\Python\Python311\;C:\Users\Acer\AppData\Local\Microsoft\WindowsApps;;C:\Program Files\JetBrains\PyCharm Community Edition 2023.1.2\bin;;.]
27-Sep-2023 20:00:06.842 INFO [main] org.apache.coyote.AbstractProtocol.init Initializing ProtocolHandler ["http-nio-8099"]
27-Sep-2023 20:00:06.895 INFO [main] org.apache.catalina.startup.Catalina.load Server initialization in [1263] milliseconds
27-Sep-2023 20:00:07.056 INFO [main] org.apache.catalina.core.StandardService.startInternal Starting service [Catalina]
27-Sep-2023 20:00:07.059 INFO [main] org.apache.catalina.core.StandardEngine.startInternal Starting Servlet engine: [Apache Tomcat/9.0.80]
27-Sep-2023 20:00:07.083 INFO [main] org.apache.catalina.startup.HostConfig.deployDescriptor Deploying deployment descriptor [C:\Users\Acer\projects\spring2t2\conf\Catalina\localhost\spring2t2.xml]
27-Sep-2023 20:00:08.426 INFO [main] org.apache.jasper.servlet.TldScanner.scanJars At least one JAR was scanned for TLDs yet contained no TLDs. Enable debug logging for this logger for a complete list of JARs that were scanned but no TLDs were found in them. Skipping unneeded JARs during scanning can improve startup time and JSP compilation time.
27-Sep-2023 20:00:08.598 INFO [main] org.apache.catalina.startup.HostConfig.deployDescriptor Deployment of deployment descriptor [C:\Users\Acer\projects\spring2t2\conf\Catalina\localhost\spring2t2.xml] has finished in [1 512] ms
27-Sep-2023 20:00:08.603 INFO [main] org.apache.coyote.AbstractProtocol.start Starting ProtocolHandler ["http-nio-8099"]
27-Sep-2023 20:00:08.696 INFO [main] org.apache.catalina.startup.Catalina.start Server startup in [1799] milliseconds
27-Sep-2023 20:01:08.285 INFO [Thread-1] org.apache.coyote.AbstractProtocol.pause Pausing ProtocolHandler ["http-nio-8099"]
27-Sep-2023 20:01:08.305 INFO [Thread-1] org.apache.catalina.core.StandardService.stopInternal Stopping service [Catalina]
27-Sep-2023 20:01:08.321 INFO [Thread-1] org.apache.coyote.AbstractProtocol.stop Stopping ProtocolHandler ["http-nio-8099"]
27-Sep-2023 20:01:08.332 INFO [Thread-1] org.apache.coyote.AbstractProtocol.destroy Destroying ProtocolHandler ["http-nio-8099"]
27-Sep-2023 20:01:31.846 INFO [main] org.apache.catalina.startup.VersionLoggerListener.log Server version name:   Apache Tomcat/9.0.80
27-Sep-2023 20:01:31.853 INFO [main] org.apache.catalina.startup.VersionLoggerListener.log Server built:          Aug 23 2023 21:59:38 UTC
27-Sep-2023 20:01:31.853 INFO [main] org.apache.catalina.startup.VersionLoggerListener.log Server version number: 9.0.80.0
27-Sep-2023 20:01:31.853 INFO [main] org.apache.catalina.startup.VersionLoggerListener.log OS Name:               Windows 10
27-Sep-2023 20:01:31.854 INFO [main] org.apache.catalina.startup.VersionLoggerListener.log Версия ОС:             10.0
27-Sep-2023 20:01:31.854 INFO [main] org.apache.catalina.startup.VersionLoggerListener.log Архитектура:           amd64
27-Sep-2023 20:01:31.854 INFO [main] org.apache.catalina.startup.VersionLoggerListener.log Java Home:             C:\Program Files\Java\jdk-18.0.2.1
27-Sep-2023 20:01:31.854 INFO [main] org.apache.catalina.startup.VersionLoggerListener.log Версия JVM:            18.0.2.1+1-1
27-Sep-2023 20:01:31.855 INFO [main] org.apache.catalina.startup.VersionLoggerListener.log JVM Vendor:            Oracle Corporation
27-Sep-2023 20:01:31.855 INFO [main] org.apache.catalina.startup.VersionLoggerListener.log CATALINA_BASE:         C:\Users\Acer\projects\spring2t2
27-Sep-2023 20:01:31.855 INFO [main] org.apache.catalina.startup.VersionLoggerListener.log CATALINA_HOME:         C:\tomcat\apache-tomcat-9.0.80
27-Sep-2023 20:01:31.867 INFO [main] org.apache.catalina.startup.VersionLoggerListener.log Command line argument: --add-opens=java.base/java.lang=ALL-UNNAMED
27-Sep-2023 20:01:31.867 INFO [main] org.apache.catalina.startup.VersionLoggerListener.log Command line argument: --add-opens=java.base/java.io=ALL-UNNAMED
27-Sep-2023 20:01:31.867 INFO [main] org.apache.catalina.startup.VersionLoggerListener.log Command line argument: --add-opens=java.base/java.util=ALL-UNNAMED
27-Sep-2023 20:01:31.867 INFO [main] org.apache.catalina.startup.VersionLoggerListener.log Command line argument: --add-opens=java.base/java.util.concurrent=ALL-UNNAMED
27-Sep-2023 20:01:31.867 INFO [main] org.apache.catalina.startup.VersionLoggerListener.log Command line argument: --add-opens=java.rmi/sun.rmi.transport=ALL-UNNAMED
27-Sep-2023 20:01:31.867 INFO [main] org.apache.catalina.startup.VersionLoggerListener.log Command line argument: -Dcatalina.home=C:\tomcat\apache-tomcat-9.0.80
27-Sep-2023 20:01:31.868 INFO [main] org.apache.catalina.startup.VersionLoggerListener.log Command line argument: -Dcatalina.base=C:\Users\Acer\projects\spring2t2
27-Sep-2023 20:01:31.868 INFO [main] org.apache.catalina.startup.VersionLoggerListener.log Command line argument: -Djava.io.tmpdir=C:\Users\Acer\projects\spring2t2\temp
27-Sep-2023 20:01:31.868 INFO [main] org.apache.catalina.startup.VersionLoggerListener.log Command line argument: -Djava.util.logging.config.file=C:\Users\Acer\projects\spring2t2\conf\logging.properties
27-Sep-2023 20:01:31.868 INFO [main] org.apache.catalina.startup.VersionLoggerListener.log Command line argument: -Djava.util.logging.manager=org.apache.juli.ClassLoaderLogManager
27-Sep-2023 20:01:31.868 INFO [main] org.apache.catalina.startup.VersionLoggerListener.log Command line argument: -javaagent:C:\Program Files\JetBrains\IntelliJ IDEA Community Edition 2023.1\lib\idea_rt.jar=57125:C:\Program Files\JetBrains\IntelliJ IDEA Community Edition 2023.1\bin
27-Sep-2023 20:01:31.869 INFO [main] org.apache.catalina.startup.VersionLoggerListener.log Command line argument: -Dfile.encoding=UTF-8
27-Sep-2023 20:01:31.869 INFO [main] org.apache.catalina.startup.VersionLoggerListener.log Command line argument: -Dsun.stdout.encoding=UTF-8
27-Sep-2023 20:01:31.869 INFO [main] org.apache.catalina.startup.VersionLoggerListener.log Command line argument: -Dsun.stderr.encoding=UTF-8
27-Sep-2023 20:01:31.882 INFO [main] org.apache.catalina.core.AprLifecycleListener.lifecycleEvent The Apache Tomcat Native library which allows using OpenSSL was not found on the java.library.path: [C:\Program Files\Java\jdk-18.0.2.1\bin;C:\Windows\Sun\Java\bin;C:\Windows\system32;C:\Windows;C:\Python27\;C:\Python27\Scripts;C:\oraclexe\app\oracle\product\10.2.0\server\bin;C:\Program Files\Common Files\Oracle\Java\javapath;C:\Program Files\Microsoft\jdk-17.0.7.7-hotspot\bin;C:\Windows\system32;C:\Windows;C:\Windows\System32\Wbem;C:\Windows\System32\WindowsPowerShell\v1.0\;C:\Windows\System32\OpenSSH\;C:\Program Files\CMake\bin;C:\Program Files\MySQL\MySQL Shell 8.0\bin\;C:\Users\Acer\AppData\Local\Programs\Python\Python311\Scripts\;C:\Users\Acer\AppData\Local\Programs\Python\Python311\;C:\Users\Acer\AppData\Local\Microsoft\WindowsApps;;C:\Program Files\JetBrains\PyCharm Community Edition 2023.1.2\bin;;.]
27-Sep-2023 20:01:32.532 INFO [main] org.apache.coyote.AbstractProtocol.init Initializing ProtocolHandler ["http-nio-8099"]
27-Sep-2023 20:01:32.581 INFO [main] org.apache.catalina.startup.Catalina.load Server initialization in [1114] milliseconds
27-Sep-2023 20:01:32.689 INFO [main] org.apache.catalina.core.StandardService.startInternal Starting service [Catalina]
27-Sep-2023 20:01:32.689 INFO [main] org.apache.catalina.core.StandardEngine.startInternal Starting Servlet engine: [Apache Tomcat/9.0.80]
27-Sep-2023 20:01:32.712 INFO [main] org.apache.catalina.startup.HostConfig.deployDescriptor Deploying deployment descriptor [C:\Users\Acer\projects\spring2t2\conf\Catalina\localhost\spring2t2.xml]
27-Sep-2023 20:01:34.268 INFO [main] org.apache.jasper.servlet.TldScanner.scanJars At least one JAR was scanned for TLDs yet contained no TLDs. Enable debug logging for this logger for a complete list of JARs that were scanned but no TLDs were found in them. Skipping unneeded JARs during scanning can improve startup time and JSP compilation time.
27-Sep-2023 20:01:34.456 INFO [main] org.apache.catalina.startup.HostConfig.deployDescriptor Deployment of deployment descriptor [C:\Users\Acer\projects\spring2t2\conf\Catalina\localhost\spring2t2.xml] has finished in [1 740] ms
27-Sep-2023 20:01:34.462 INFO [main] org.apache.coyote.AbstractProtocol.start Starting ProtocolHandler ["http-nio-8099"]
27-Sep-2023 20:01:34.545 INFO [main] org.apache.catalina.startup.Catalina.start Server startup in [1961] milliseconds
27-Sep-2023 20:14:16.707 INFO [Thread-1] org.apache.coyote.AbstractProtocol.pause Pausing ProtocolHandler ["http-nio-8099"]
27-Sep-2023 20:14:16.739 INFO [Thread-1] org.apache.catalina.core.StandardService.stopInternal Stopping service [Catalina]
27-Sep-2023 20:14:16.766 INFO [Thread-1] org.apache.coyote.AbstractProtocol.stop Stopping ProtocolHandler ["http-nio-8099"]
27-Sep-2023 20:14:16.771 INFO [Thread-1] org.apache.coyote.AbstractProtocol.destroy Destroying ProtocolHandler ["http-nio-8099"]
27-Sep-2023 20:14:37.095 INFO [main] org.apache.catalina.startup.VersionLoggerListener.log Server version name:   Apache Tomcat/9.0.80
27-Sep-2023 20:14:37.102 INFO [main] org.apache.catalina.startup.VersionLoggerListener.log Server built:          Aug 23 2023 21:59:38 UTC
27-Sep-2023 20:14:37.102 INFO [main] org.apache.catalina.startup.VersionLoggerListener.log Server version number: 9.0.80.0
27-Sep-2023 20:14:37.102 INFO [main] org.apache.catalina.startup.VersionLoggerListener.log OS Name:               Windows 10
27-Sep-2023 20:14:37.102 INFO [main] org.apache.catalina.startup.VersionLoggerListener.log Версия ОС:             10.0
27-Sep-2023 20:14:37.103 INFO [main] org.apache.catalina.startup.VersionLoggerListener.log Архитектура:           amd64
27-Sep-2023 20:14:37.103 INFO [main] org.apache.catalina.startup.VersionLoggerListener.log Java Home:             C:\Program Files\Java\jdk-18.0.2.1
27-Sep-2023 20:14:37.105 INFO [main] org.apache.catalina.startup.VersionLoggerListener.log Версия JVM:            18.0.2.1+1-1
27-Sep-2023 20:14:37.105 INFO [main] org.apache.catalina.startup.VersionLoggerListener.log JVM Vendor:            Oracle Corporation
27-Sep-2023 20:14:37.105 INFO [main] org.apache.catalina.startup.VersionLoggerListener.log CATALINA_BASE:         C:\Users\Acer\projects\spring2t2
27-Sep-2023 20:14:37.106 INFO [main] org.apache.catalina.startup.VersionLoggerListener.log CATALINA_HOME:         C:\tomcat\apache-tomcat-9.0.80
27-Sep-2023 20:14:37.120 INFO [main] org.apache.catalina.startup.VersionLoggerListener.log Command line argument: --add-opens=java.base/java.lang=ALL-UNNAMED
27-Sep-2023 20:14:37.120 INFO [main] org.apache.catalina.startup.VersionLoggerListener.log Command line argument: --add-opens=java.base/java.io=ALL-UNNAMED
27-Sep-2023 20:14:37.120 INFO [main] org.apache.catalina.startup.VersionLoggerListener.log Command line argument: --add-opens=java.base/java.util=ALL-UNNAMED
27-Sep-2023 20:14:37.120 INFO [main] org.apache.catalina.startup.VersionLoggerListener.log Command line argument: --add-opens=java.base/java.util.concurrent=ALL-UNNAMED
27-Sep-2023 20:14:37.120 INFO [main] org.apache.catalina.startup.VersionLoggerListener.log Command line argument: --add-opens=java.rmi/sun.rmi.transport=ALL-UNNAMED
27-Sep-2023 20:14:37.121 INFO [main] org.apache.catalina.startup.VersionLoggerListener.log Command line argument: -Dcatalina.home=C:\tomcat\apache-tomcat-9.0.80
27-Sep-2023 20:14:37.122 INFO [main] org.apache.catalina.startup.VersionLoggerListener.log Command line argument: -Dcatalina.base=C:\Users\Acer\projects\spring2t2
27-Sep-2023 20:14:37.122 INFO [main] org.apache.catalina.startup.VersionLoggerListener.log Command line argument: -Djava.io.tmpdir=C:\Users\Acer\projects\spring2t2\temp
27-Sep-2023 20:14:37.122 INFO [main] org.apache.catalina.startup.VersionLoggerListener.log Command line argument: -Djava.util.logging.config.file=C:\Users\Acer\projects\spring2t2\conf\logging.properties
27-Sep-2023 20:14:37.123 INFO [main] org.apache.catalina.startup.VersionLoggerListener.log Command line argument: -Djava.util.logging.manager=org.apache.juli.ClassLoaderLogManager
27-Sep-2023 20:14:37.123 INFO [main] org.apache.catalina.startup.VersionLoggerListener.log Command line argument: -javaagent:C:\Program Files\JetBrains\IntelliJ IDEA Community Edition 2023.1\lib\idea_rt.jar=57201:C:\Program Files\JetBrains\IntelliJ IDEA Community Edition 2023.1\bin
27-Sep-2023 20:14:37.123 INFO [main] org.apache.catalina.startup.VersionLoggerListener.log Command line argument: -Dfile.encoding=UTF-8
27-Sep-2023 20:14:37.124 INFO [main] org.apache.catalina.startup.VersionLoggerListener.log Command line argument: -Dsun.stdout.encoding=UTF-8
27-Sep-2023 20:14:37.124 INFO [main] org.apache.catalina.startup.VersionLoggerListener.log Command line argument: -Dsun.stderr.encoding=UTF-8
27-Sep-2023 20:14:37.139 INFO [main] org.apache.catalina.core.AprLifecycleListener.lifecycleEvent The Apache Tomcat Native library which allows using OpenSSL was not found on the java.library.path: [C:\Program Files\Java\jdk-18.0.2.1\bin;C:\Windows\Sun\Java\bin;C:\Windows\system32;C:\Windows;C:\Python27\;C:\Python27\Scripts;C:\oraclexe\app\oracle\product\10.2.0\server\bin;C:\Program Files\Common Files\Oracle\Java\javapath;C:\Program Files\Microsoft\jdk-17.0.7.7-hotspot\bin;C:\Windows\system32;C:\Windows;C:\Windows\System32\Wbem;C:\Windows\System32\WindowsPowerShell\v1.0\;C:\Windows\System32\OpenSSH\;C:\Program Files\CMake\bin;C:\Program Files\MySQL\MySQL Shell 8.0\bin\;C:\Users\Acer\AppData\Local\Programs\Python\Python311\Scripts\;C:\Users\Acer\AppData\Local\Programs\Python\Python311\;C:\Users\Acer\AppData\Local\Microsoft\WindowsApps;;C:\Program Files\JetBrains\PyCharm Community Edition 2023.1.2\bin;;.]
27-Sep-2023 20:14:37.810 INFO [main] org.apache.coyote.AbstractProtocol.init Initializing ProtocolHandler ["http-nio-8099"]
27-Sep-2023 20:14:37.847 INFO [main] org.apache.catalina.startup.Catalina.load Server initialization in [1040] milliseconds
27-Sep-2023 20:14:37.913 INFO [main] org.apache.catalina.core.StandardService.startInternal Starting service [Catalina]
27-Sep-2023 20:14:37.913 INFO [main] org.apache.catalina.core.StandardEngine.startInternal Starting Servlet engine: [Apache Tomcat/9.0.80]
27-Sep-2023 20:14:37.928 INFO [main] org.apache.catalina.startup.HostConfig.deployDescriptor Deploying deployment descriptor [C:\Users\Acer\projects\spring2t2\conf\Catalina\localhost\spring2t2.xml]
27-Sep-2023 20:14:38.924 INFO [main] org.apache.jasper.servlet.TldScanner.scanJars At least one JAR was scanned for TLDs yet contained no TLDs. Enable debug logging for this logger for a complete list of JARs that were scanned but no TLDs were found in them. Skipping unneeded JARs during scanning can improve startup time and JSP compilation time.
27-Sep-2023 20:14:39.075 INFO [main] org.apache.catalina.startup.HostConfig.deployDescriptor Deployment of deployment descriptor [C:\Users\Acer\projects\spring2t2\conf\Catalina\localhost\spring2t2.xml] has finished in [1 144] ms
27-Sep-2023 20:14:39.079 INFO [main] org.apache.coyote.AbstractProtocol.start Starting ProtocolHandler ["http-nio-8099"]
27-Sep-2023 20:14:39.149 INFO [main] org.apache.catalina.startup.Catalina.start Server startup in [1299] milliseconds
27-Sep-2023 20:29:22.048 INFO [Thread-1] org.apache.coyote.AbstractProtocol.pause Pausing ProtocolHandler ["http-nio-8099"]
27-Sep-2023 20:29:22.068 INFO [Thread-1] org.apache.catalina.core.StandardService.stopInternal Stopping service [Catalina]
27-Sep-2023 20:29:22.082 INFO [Thread-1] org.apache.coyote.AbstractProtocol.stop Stopping ProtocolHandler ["http-nio-8099"]
27-Sep-2023 20:29:22.107 INFO [Thread-1] org.apache.coyote.AbstractProtocol.destroy Destroying ProtocolHandler ["http-nio-8099"]
27-Sep-2023 20:29:51.045 INFO [main] org.apache.catalina.startup.VersionLoggerListener.log Server version name:   Apache Tomcat/9.0.80
27-Sep-2023 20:29:51.051 INFO [main] org.apache.catalina.startup.VersionLoggerListener.log Server built:          Aug 23 2023 21:59:38 UTC
27-Sep-2023 20:29:51.051 INFO [main] org.apache.catalina.startup.VersionLoggerListener.log Server version number: 9.0.80.0
27-Sep-2023 20:29:51.052 INFO [main] org.apache.catalina.startup.VersionLoggerListener.log OS Name:               Windows 10
27-Sep-2023 20:29:51.052 INFO [main] org.apache.catalina.startup.VersionLoggerListener.log Версия ОС:             10.0
27-Sep-2023 20:29:51.052 INFO [main] org.apache.catalina.startup.VersionLoggerListener.log Архитектура:           amd64
27-Sep-2023 20:29:51.053 INFO [main] org.apache.catalina.startup.VersionLoggerListener.log Java Home:             C:\Program Files\Java\jdk-18.0.2.1
27-Sep-2023 20:29:51.053 INFO [main] org.apache.catalina.startup.VersionLoggerListener.log Версия JVM:            18.0.2.1+1-1
27-Sep-2023 20:29:51.053 INFO [main] org.apache.catalina.startup.VersionLoggerListener.log JVM Vendor:            Oracle Corporation
27-Sep-2023 20:29:51.053 INFO [main] org.apache.catalina.startup.VersionLoggerListener.log CATALINA_BASE:         C:\Users\Acer\projects\spring2t2
27-Sep-2023 20:29:51.053 INFO [main] org.apache.catalina.startup.VersionLoggerListener.log CATALINA_HOME:         C:\tomcat\apache-tomcat-9.0.80
27-Sep-2023 20:29:51.066 INFO [main] org.apache.catalina.startup.VersionLoggerListener.log Command line argument: --add-opens=java.base/java.lang=ALL-UNNAMED
27-Sep-2023 20:29:51.066 INFO [main] org.apache.catalina.startup.VersionLoggerListener.log Command line argument: --add-opens=java.base/java.io=ALL-UNNAMED
27-Sep-2023 20:29:51.066 INFO [main] org.apache.catalina.startup.VersionLoggerListener.log Command line argument: --add-opens=java.base/java.util=ALL-UNNAMED
27-Sep-2023 20:29:51.066 INFO [main] org.apache.catalina.startup.VersionLoggerListener.log Command line argument: --add-opens=java.base/java.util.concurrent=ALL-UNNAMED
27-Sep-2023 20:29:51.066 INFO [main] org.apache.catalina.startup.VersionLoggerListener.log Command line argument: --add-opens=java.rmi/sun.rmi.transport=ALL-UNNAMED
27-Sep-2023 20:29:51.066 INFO [main] org.apache.catalina.startup.VersionLoggerListener.log Command line argument: -Dcatalina.home=C:\tomcat\apache-tomcat-9.0.80
27-Sep-2023 20:29:51.067 INFO [main] org.apache.catalina.startup.VersionLoggerListener.log Command line argument: -Dcatalina.base=C:\Users\Acer\projects\spring2t2
27-Sep-2023 20:29:51.067 INFO [main] org.apache.catalina.startup.VersionLoggerListener.log Command line argument: -Djava.io.tmpdir=C:\Users\Acer\projects\spring2t2\temp
27-Sep-2023 20:29:51.067 INFO [main] org.apache.catalina.startup.VersionLoggerListener.log Command line argument: -Djava.util.logging.config.file=C:\Users\Acer\projects\spring2t2\conf\logging.properties
27-Sep-2023 20:29:51.067 INFO [main] org.apache.catalina.startup.VersionLoggerListener.log Command line argument: -Djava.util.logging.manager=org.apache.juli.ClassLoaderLogManager
27-Sep-2023 20:29:51.067 INFO [main] org.apache.catalina.startup.VersionLoggerListener.log Command line argument: -javaagent:C:\Program Files\JetBrains\IntelliJ IDEA Community Edition 2023.1\lib\idea_rt.jar=57252:C:\Program Files\JetBrains\IntelliJ IDEA Community Edition 2023.1\bin
27-Sep-2023 20:29:51.067 INFO [main] org.apache.catalina.startup.VersionLoggerListener.log Command line argument: -Dfile.encoding=UTF-8
27-Sep-2023 20:29:51.067 INFO [main] org.apache.catalina.startup.VersionLoggerListener.log Command line argument: -Dsun.stdout.encoding=UTF-8
27-Sep-2023 20:29:51.067 INFO [main] org.apache.catalina.startup.VersionLoggerListener.log Command line argument: -Dsun.stderr.encoding=UTF-8
27-Sep-2023 20:29:51.081 INFO [main] org.apache.catalina.core.AprLifecycleListener.lifecycleEvent The Apache Tomcat Native library which allows using OpenSSL was not found on the java.library.path: [C:\Program Files\Java\jdk-18.0.2.1\bin;C:\Windows\Sun\Java\bin;C:\Windows\system32;C:\Windows;C:\Python27\;C:\Python27\Scripts;C:\oraclexe\app\oracle\product\10.2.0\server\bin;C:\Program Files\Common Files\Oracle\Java\javapath;C:\Program Files\Microsoft\jdk-17.0.7.7-hotspot\bin;C:\Windows\system32;C:\Windows;C:\Windows\System32\Wbem;C:\Windows\System32\WindowsPowerShell\v1.0\;C:\Windows\System32\OpenSSH\;C:\Program Files\CMake\bin;C:\Program Files\MySQL\MySQL Shell 8.0\bin\;C:\Users\Acer\AppData\Local\Programs\Python\Python311\Scripts\;C:\Users\Acer\AppData\Local\Programs\Python\Python311\;C:\Users\Acer\AppData\Local\Microsoft\WindowsApps;;C:\Program Files\JetBrains\PyCharm Community Edition 2023.1.2\bin;;.]
27-Sep-2023 20:29:51.543 INFO [main] org.apache.coyote.AbstractProtocol.init Initializing ProtocolHandler ["http-nio-8099"]
27-Sep-2023 20:29:51.571 INFO [main] org.apache.catalina.startup.Catalina.load Server initialization in [885] milliseconds
27-Sep-2023 20:29:51.634 INFO [main] org.apache.catalina.core.StandardService.startInternal Starting service [Catalina]
27-Sep-2023 20:29:51.635 INFO [main] org.apache.catalina.core.StandardEngine.startInternal Starting Servlet engine: [Apache Tomcat/9.0.80]
27-Sep-2023 20:29:51.650 INFO [main] org.apache.catalina.startup.HostConfig.deployDescriptor Deploying deployment descriptor [C:\Users\Acer\projects\spring2t2\conf\Catalina\localhost\ROOT.xml]
27-Sep-2023 20:29:53.064 INFO [main] org.apache.jasper.servlet.TldScanner.scanJars At least one JAR was scanned for TLDs yet contained no TLDs. Enable debug logging for this logger for a complete list of JARs that were scanned but no TLDs were found in them. Skipping unneeded JARs during scanning can improve startup time and JSP compilation time.
27-Sep-2023 20:29:53.235 INFO [main] org.apache.catalina.startup.HostConfig.deployDescriptor Deployment of deployment descriptor [C:\Users\Acer\projects\spring2t2\conf\Catalina\localhost\ROOT.xml] has finished in [1 582] ms
27-Sep-2023 20:29:53.240 INFO [main] org.apache.coyote.AbstractProtocol.start Starting ProtocolHandler ["http-nio-8099"]
27-Sep-2023 20:29:53.324 INFO [main] org.apache.catalina.startup.Catalina.start Server startup in [1752] milliseconds
27-Sep-2023 20:32:18.882 INFO [Thread-1] org.apache.coyote.AbstractProtocol.pause Pausing ProtocolHandler ["http-nio-8099"]
27-Sep-2023 20:32:18.901 INFO [Thread-1] org.apache.catalina.core.StandardService.stopInternal Stopping service [Catalina]
27-Sep-2023 20:32:18.926 INFO [Thread-1] org.apache.coyote.AbstractProtocol.stop Stopping ProtocolHandler ["http-nio-8099"]
27-Sep-2023 20:32:18.934 INFO [Thread-1] org.apache.coyote.AbstractProtocol.destroy Destroying ProtocolHandler ["http-nio-8099"]
27-Sep-2023 20:32:49.757 INFO [main] org.apache.catalina.startup.VersionLoggerListener.log Server version name:   Apache Tomcat/9.0.80
27-Sep-2023 20:32:49.763 INFO [main] org.apache.catalina.startup.VersionLoggerListener.log Server built:          Aug 23 2023 21:59:38 UTC
27-Sep-2023 20:32:49.763 INFO [main] org.apache.catalina.startup.VersionLoggerListener.log Server version number: 9.0.80.0
27-Sep-2023 20:32:49.763 INFO [main] org.apache.catalina.startup.VersionLoggerListener.log OS Name:               Windows 10
27-Sep-2023 20:32:49.764 INFO [main] org.apache.catalina.startup.VersionLoggerListener.log Версия ОС:             10.0
27-Sep-2023 20:32:49.764 INFO [main] org.apache.catalina.startup.VersionLoggerListener.log Архитектура:           amd64
27-Sep-2023 20:32:49.764 INFO [main] org.apache.catalina.startup.VersionLoggerListener.log Java Home:             C:\Program Files\Java\jdk-18.0.2.1
27-Sep-2023 20:32:49.764 INFO [main] org.apache.catalina.startup.VersionLoggerListener.log Версия JVM:            18.0.2.1+1-1
27-Sep-2023 20:32:49.765 INFO [main] org.apache.catalina.startup.VersionLoggerListener.log JVM Vendor:            Oracle Corporation
27-Sep-2023 20:32:49.765 INFO [main] org.apache.catalina.startup.VersionLoggerListener.log CATALINA_BASE:         C:\Users\Acer\projects\spring2t2
27-Sep-2023 20:32:49.765 INFO [main] org.apache.catalina.startup.VersionLoggerListener.log CATALINA_HOME:         C:\tomcat\apache-tomcat-9.0.80
27-Sep-2023 20:32:49.777 INFO [main] org.apache.catalina.startup.VersionLoggerListener.log Command line argument: --add-opens=java.base/java.lang=ALL-UNNAMED
27-Sep-2023 20:32:49.777 INFO [main] org.apache.catalina.startup.VersionLoggerListener.log Command line argument: --add-opens=java.base/java.io=ALL-UNNAMED
27-Sep-2023 20:32:49.777 INFO [main] org.apache.catalina.startup.VersionLoggerListener.log Command line argument: --add-opens=java.base/java.util=ALL-UNNAMED
27-Sep-2023 20:32:49.777 INFO [main] org.apache.catalina.startup.VersionLoggerListener.log Command line argument: --add-opens=java.base/java.util.concurrent=ALL-UNNAMED
27-Sep-2023 20:32:49.778 INFO [main] org.apache.catalina.startup.VersionLoggerListener.log Command line argument: --add-opens=java.rmi/sun.rmi.transport=ALL-UNNAMED
27-Sep-2023 20:32:49.778 INFO [main] org.apache.catalina.startup.VersionLoggerListener.log Command line argument: -Dcatalina.home=C:\tomcat\apache-tomcat-9.0.80
27-Sep-2023 20:32:49.778 INFO [main] org.apache.catalina.startup.VersionLoggerListener.log Command line argument: -Dcatalina.base=C:\Users\Acer\projects\spring2t2
27-Sep-2023 20:32:49.778 INFO [main] org.apache.catalina.startup.VersionLoggerListener.log Command line argument: -Djava.io.tmpdir=C:\Users\Acer\projects\spring2t2\temp
27-Sep-2023 20:32:49.778 INFO [main] org.apache.catalina.startup.VersionLoggerListener.log Command line argument: -Djava.util.logging.config.file=C:\Users\Acer\projects\spring2t2\conf\logging.properties
27-Sep-2023 20:32:49.778 INFO [main] org.apache.catalina.startup.VersionLoggerListener.log Command line argument: -Djava.util.logging.manager=org.apache.juli.ClassLoaderLogManager
27-Sep-2023 20:32:49.778 INFO [main] org.apache.catalina.startup.VersionLoggerListener.log Command line argument: -javaagent:C:\Program Files\JetBrains\IntelliJ IDEA Community Edition 2023.1\lib\idea_rt.jar=57269:C:\Program Files\JetBrains\IntelliJ IDEA Community Edition 2023.1\bin
27-Sep-2023 20:32:49.779 INFO [main] org.apache.catalina.startup.VersionLoggerListener.log Command line argument: -Dfile.encoding=UTF-8
27-Sep-2023 20:32:49.779 INFO [main] org.apache.catalina.startup.VersionLoggerListener.log Command line argument: -Dsun.stdout.encoding=UTF-8
27-Sep-2023 20:32:49.779 INFO [main] org.apache.catalina.startup.VersionLoggerListener.log Command line argument: -Dsun.stderr.encoding=UTF-8
27-Sep-2023 20:32:49.794 INFO [main] org.apache.catalina.core.AprLifecycleListener.lifecycleEvent The Apache Tomcat Native library which allows using OpenSSL was not found on the java.library.path: [C:\Program Files\Java\jdk-18.0.2.1\bin;C:\Windows\Sun\Java\bin;C:\Windows\system32;C:\Windows;C:\Python27\;C:\Python27\Scripts;C:\oraclexe\app\oracle\product\10.2.0\server\bin;C:\Program Files\Common Files\Oracle\Java\javapath;C:\Program Files\Microsoft\jdk-17.0.7.7-hotspot\bin;C:\Windows\system32;C:\Windows;C:\Windows\System32\Wbem;C:\Windows\System32\WindowsPowerShell\v1.0\;C:\Windows\System32\OpenSSH\;C:\Program Files\CMake\bin;C:\Program Files\MySQL\MySQL Shell 8.0\bin\;C:\Users\Acer\AppData\Local\Programs\Python\Python311\Scripts\;C:\Users\Acer\AppData\Local\Programs\Python\Python311\;C:\Users\Acer\AppData\Local\Microsoft\WindowsApps;;C:\Program Files\JetBrains\PyCharm Community Edition 2023.1.2\bin;;.]
27-Sep-2023 20:32:50.239 INFO [main] org.apache.coyote.AbstractProtocol.init Initializing ProtocolHandler ["http-nio-8099"]
27-Sep-2023 20:32:50.268 INFO [main] org.apache.catalina.startup.Catalina.load Server initialization in [881] milliseconds
27-Sep-2023 20:32:50.334 INFO [main] org.apache.catalina.core.StandardService.startInternal Starting service [Catalina]
27-Sep-2023 20:32:50.334 INFO [main] org.apache.catalina.core.StandardEngine.startInternal Starting Servlet engine: [Apache Tomcat/9.0.80]
27-Sep-2023 20:32:50.349 INFO [main] org.apache.catalina.startup.HostConfig.deployDescriptor Deploying deployment descriptor [C:\Users\Acer\projects\spring2t2\conf\Catalina\localhost\ROOT.xml]
27-Sep-2023 20:32:51.712 INFO [main] org.apache.jasper.servlet.TldScanner.scanJars At least one JAR was scanned for TLDs yet contained no TLDs. Enable debug logging for this logger for a complete list of JARs that were scanned but no TLDs were found in them. Skipping unneeded JARs during scanning can improve startup time and JSP compilation time.
27-Sep-2023 20:32:51.893 INFO [main] org.apache.catalina.startup.HostConfig.deployDescriptor Deployment of deployment descriptor [C:\Users\Acer\projects\spring2t2\conf\Catalina\localhost\ROOT.xml] has finished in [1 542] ms
27-Sep-2023 20:32:51.897 INFO [main] org.apache.coyote.AbstractProtocol.start Starting ProtocolHandler ["http-nio-8099"]
27-Sep-2023 20:32:51.985 INFO [main] org.apache.catalina.startup.Catalina.start Server startup in [1715] milliseconds
27-Sep-2023 21:10:30.188 INFO [Thread-1] org.apache.coyote.AbstractProtocol.pause Pausing ProtocolHandler ["http-nio-8099"]
27-Sep-2023 21:10:30.211 INFO [Thread-1] org.apache.catalina.core.StandardService.stopInternal Stopping service [Catalina]
27-Sep-2023 21:10:30.222 INFO [Thread-1] org.apache.coyote.AbstractProtocol.stop Stopping ProtocolHandler ["http-nio-8099"]
27-Sep-2023 21:10:30.225 INFO [Thread-1] org.apache.coyote.AbstractProtocol.destroy Destroying ProtocolHandler ["http-nio-8099"]
27-Sep-2023 21:10:54.393 INFO [main] org.apache.catalina.startup.VersionLoggerListener.log Server version name:   Apache Tomcat/9.0.80
27-Sep-2023 21:10:54.398 INFO [main] org.apache.catalina.startup.VersionLoggerListener.log Server built:          Aug 23 2023 21:59:38 UTC
27-Sep-2023 21:10:54.398 INFO [main] org.apache.catalina.startup.VersionLoggerListener.log Server version number: 9.0.80.0
27-Sep-2023 21:10:54.398 INFO [main] org.apache.catalina.startup.VersionLoggerListener.log OS Name:               Windows 10
27-Sep-2023 21:10:54.399 INFO [main] org.apache.catalina.startup.VersionLoggerListener.log Версия ОС:             10.0
27-Sep-2023 21:10:54.399 INFO [main] org.apache.catalina.startup.VersionLoggerListener.log Архитектура:           amd64
27-Sep-2023 21:10:54.399 INFO [main] org.apache.catalina.startup.VersionLoggerListener.log Java Home:             C:\Program Files\Java\jdk-18.0.2.1
27-Sep-2023 21:10:54.399 INFO [main] org.apache.catalina.startup.VersionLoggerListener.log Версия JVM:            18.0.2.1+1-1
27-Sep-2023 21:10:54.399 INFO [main] org.apache.catalina.startup.VersionLoggerListener.log JVM Vendor:            Oracle Corporation
27-Sep-2023 21:10:54.400 INFO [main] org.apache.catalina.startup.VersionLoggerListener.log CATALINA_BASE:         C:\Users\Acer\projects\spring2t2
27-Sep-2023 21:10:54.400 INFO [main] org.apache.catalina.startup.VersionLoggerListener.log CATALINA_HOME:         C:\tomcat\apache-tomcat-9.0.80
27-Sep-2023 21:10:54.411 INFO [main] org.apache.catalina.startup.VersionLoggerListener.log Command line argument: --add-opens=java.base/java.lang=ALL-UNNAMED
27-Sep-2023 21:10:54.411 INFO [main] org.apache.catalina.startup.VersionLoggerListener.log Command line argument: --add-opens=java.base/java.io=ALL-UNNAMED
27-Sep-2023 21:10:54.411 INFO [main] org.apache.catalina.startup.VersionLoggerListener.log Command line argument: --add-opens=java.base/java.util=ALL-UNNAMED
27-Sep-2023 21:10:54.411 INFO [main] org.apache.catalina.startup.VersionLoggerListener.log Command line argument: --add-opens=java.base/java.util.concurrent=ALL-UNNAMED
27-Sep-2023 21:10:54.411 INFO [main] org.apache.catalina.startup.VersionLoggerListener.log Command line argument: --add-opens=java.rmi/sun.rmi.transport=ALL-UNNAMED
27-Sep-2023 21:10:54.412 INFO [main] org.apache.catalina.startup.VersionLoggerListener.log Command line argument: -Dcatalina.home=C:\tomcat\apache-tomcat-9.0.80
27-Sep-2023 21:10:54.412 INFO [main] org.apache.catalina.startup.VersionLoggerListener.log Command line argument: -Dcatalina.base=C:\Users\Acer\projects\spring2t2
27-Sep-2023 21:10:54.412 INFO [main] org.apache.catalina.startup.VersionLoggerListener.log Command line argument: -Djava.io.tmpdir=C:\Users\Acer\projects\spring2t2\temp
27-Sep-2023 21:10:54.412 INFO [main] org.apache.catalina.startup.VersionLoggerListener.log Command line argument: -Djava.util.logging.config.file=C:\Users\Acer\projects\spring2t2\conf\logging.properties
27-Sep-2023 21:10:54.412 INFO [main] org.apache.catalina.startup.VersionLoggerListener.log Command line argument: -Djava.util.logging.manager=org.apache.juli.ClassLoaderLogManager
27-Sep-2023 21:10:54.412 INFO [main] org.apache.catalina.startup.VersionLoggerListener.log Command line argument: -javaagent:C:\Program Files\JetBrains\IntelliJ IDEA Community Edition 2023.1\lib\idea_rt.jar=57351:C:\Program Files\JetBrains\IntelliJ IDEA Community Edition 2023.1\bin
27-Sep-2023 21:10:54.412 INFO [main] org.apache.catalina.startup.VersionLoggerListener.log Command line argument: -Dfile.encoding=UTF-8
27-Sep-2023 21:10:54.413 INFO [main] org.apache.catalina.startup.VersionLoggerListener.log Command line argument: -Dsun.stdout.encoding=UTF-8
27-Sep-2023 21:10:54.413 INFO [main] org.apache.catalina.startup.VersionLoggerListener.log Command line argument: -Dsun.stderr.encoding=UTF-8
27-Sep-2023 21:10:54.425 INFO [main] org.apache.catalina.core.AprLifecycleListener.lifecycleEvent The Apache Tomcat Native library which allows using OpenSSL was not found on the java.library.path: [C:\Program Files\Java\jdk-18.0.2.1\bin;C:\Windows\Sun\Java\bin;C:\Windows\system32;C:\Windows;C:\Python27\;C:\Python27\Scripts;C:\oraclexe\app\oracle\product\10.2.0\server\bin;C:\Program Files\Common Files\Oracle\Java\javapath;C:\Program Files\Microsoft\jdk-17.0.7.7-hotspot\bin;C:\Windows\system32;C:\Windows;C:\Windows\System32\Wbem;C:\Windows\System32\WindowsPowerShell\v1.0\;C:\Windows\System32\OpenSSH\;C:\Program Files\CMake\bin;C:\Program Files\MySQL\MySQL Shell 8.0\bin\;C:\Users\Acer\AppData\Local\Programs\Python\Python311\Scripts\;C:\Users\Acer\AppData\Local\Programs\Python\Python311\;C:\Users\Acer\AppData\Local\Microsoft\WindowsApps;;C:\Program Files\JetBrains\PyCharm Community Edition 2023.1.2\bin;;.]
27-Sep-2023 21:10:54.875 INFO [main] org.apache.coyote.AbstractProtocol.init Initializing ProtocolHandler ["http-nio-8099"]
27-Sep-2023 21:10:54.903 INFO [main] org.apache.catalina.startup.Catalina.load Server initialization in [918] milliseconds
27-Sep-2023 21:10:54.968 INFO [main] org.apache.catalina.core.StandardService.startInternal Starting service [Catalina]
27-Sep-2023 21:10:54.968 INFO [main] org.apache.catalina.core.StandardEngine.startInternal Starting Servlet engine: [Apache Tomcat/9.0.80]
27-Sep-2023 21:10:54.983 INFO [main] org.apache.catalina.startup.HostConfig.deployDescriptor Deploying deployment descriptor [C:\Users\Acer\projects\spring2t2\conf\Catalina\localhost\spring2t2.xml]
27-Sep-2023 21:10:56.223 INFO [main] org.apache.jasper.servlet.TldScanner.scanJars At least one JAR was scanned for TLDs yet contained no TLDs. Enable debug logging for this logger for a complete list of JARs that were scanned but no TLDs were found in them. Skipping unneeded JARs during scanning can improve startup time and JSP compilation time.
27-Sep-2023 21:10:56.444 WARNING [main] org.apache.catalina.util.SessionIdGeneratorBase.createSecureRandom Creation of SecureRandom instance for session ID generation using [SHA1PRNG] took [127] milliseconds.
27-Sep-2023 21:10:56.536 INFO [main] org.apache.catalina.startup.HostConfig.deployDescriptor Deployment of deployment descriptor [C:\Users\Acer\projects\spring2t2\conf\Catalina\localhost\spring2t2.xml] has finished in [1 553] ms
27-Sep-2023 21:10:56.542 INFO [main] org.apache.coyote.AbstractProtocol.start Starting ProtocolHandler ["http-nio-8099"]
27-Sep-2023 21:10:56.644 INFO [main] org.apache.catalina.startup.Catalina.start Server startup in [1739] milliseconds
27-Sep-2023 21:12:22.034 INFO [Thread-1] org.apache.coyote.AbstractProtocol.pause Pausing ProtocolHandler ["http-nio-8099"]
27-Sep-2023 21:12:22.053 INFO [Thread-1] org.apache.catalina.core.StandardService.stopInternal Stopping service [Catalina]
27-Sep-2023 21:12:22.065 INFO [Thread-1] org.apache.coyote.AbstractProtocol.stop Stopping ProtocolHandler ["http-nio-8099"]
27-Sep-2023 21:12:22.081 INFO [Thread-1] org.apache.coyote.AbstractProtocol.destroy Destroying ProtocolHandler ["http-nio-8099"]
27-Sep-2023 21:12:38.508 INFO [main] org.apache.catalina.startup.VersionLoggerListener.log Server version name:   Apache Tomcat/9.0.80
27-Sep-2023 21:12:38.514 INFO [main] org.apache.catalina.startup.VersionLoggerListener.log Server built:          Aug 23 2023 21:59:38 UTC
27-Sep-2023 21:12:38.514 INFO [main] org.apache.catalina.startup.VersionLoggerListener.log Server version number: 9.0.80.0
27-Sep-2023 21:12:38.514 INFO [main] org.apache.catalina.startup.VersionLoggerListener.log OS Name:               Windows 10
27-Sep-2023 21:12:38.515 INFO [main] org.apache.catalina.startup.VersionLoggerListener.log Версия ОС:             10.0
27-Sep-2023 21:12:38.515 INFO [main] org.apache.catalina.startup.VersionLoggerListener.log Архитектура:           amd64
27-Sep-2023 21:12:38.515 INFO [main] org.apache.catalina.startup.VersionLoggerListener.log Java Home:             C:\Program Files\Java\jdk-18.0.2.1
27-Sep-2023 21:12:38.515 INFO [main] org.apache.catalina.startup.VersionLoggerListener.log Версия JVM:            18.0.2.1+1-1
27-Sep-2023 21:12:38.516 INFO [main] org.apache.catalina.startup.VersionLoggerListener.log JVM Vendor:            Oracle Corporation
27-Sep-2023 21:12:38.516 INFO [main] org.apache.catalina.startup.VersionLoggerListener.log CATALINA_BASE:         C:\Users\Acer\projects\spring2t2
27-Sep-2023 21:12:38.516 INFO [main] org.apache.catalina.startup.VersionLoggerListener.log CATALINA_HOME:         C:\tomcat\apache-tomcat-9.0.80
27-Sep-2023 21:12:38.527 INFO [main] org.apache.catalina.startup.VersionLoggerListener.log Command line argument: --add-opens=java.base/java.lang=ALL-UNNAMED
27-Sep-2023 21:12:38.527 INFO [main] org.apache.catalina.startup.VersionLoggerListener.log Command line argument: --add-opens=java.base/java.io=ALL-UNNAMED
27-Sep-2023 21:12:38.527 INFO [main] org.apache.catalina.startup.VersionLoggerListener.log Command line argument: --add-opens=java.base/java.util=ALL-UNNAMED
27-Sep-2023 21:12:38.528 INFO [main] org.apache.catalina.startup.VersionLoggerListener.log Command line argument: --add-opens=java.base/java.util.concurrent=ALL-UNNAMED
27-Sep-2023 21:12:38.528 INFO [main] org.apache.catalina.startup.VersionLoggerListener.log Command line argument: --add-opens=java.rmi/sun.rmi.transport=ALL-UNNAMED
27-Sep-2023 21:12:38.528 INFO [main] org.apache.catalina.startup.VersionLoggerListener.log Command line argument: -Dcatalina.home=C:\tomcat\apache-tomcat-9.0.80
27-Sep-2023 21:12:38.528 INFO [main] org.apache.catalina.startup.VersionLoggerListener.log Command line argument: -Dcatalina.base=C:\Users\Acer\projects\spring2t2
27-Sep-2023 21:12:38.528 INFO [main] org.apache.catalina.startup.VersionLoggerListener.log Command line argument: -Djava.io.tmpdir=C:\Users\Acer\projects\spring2t2\temp
27-Sep-2023 21:12:38.528 INFO [main] org.apache.catalina.startup.VersionLoggerListener.log Command line argument: -Djava.util.logging.config.file=C:\Users\Acer\projects\spring2t2\conf\logging.properties
27-Sep-2023 21:12:38.528 INFO [main] org.apache.catalina.startup.VersionLoggerListener.log Command line argument: -Djava.util.logging.manager=org.apache.juli.ClassLoaderLogManager
27-Sep-2023 21:12:38.528 INFO [main] org.apache.catalina.startup.VersionLoggerListener.log Command line argument: -javaagent:C:\Program Files\JetBrains\IntelliJ IDEA Community Edition 2023.1\lib\idea_rt.jar=57363:C:\Program Files\JetBrains\IntelliJ IDEA Community Edition 2023.1\bin
27-Sep-2023 21:12:38.529 INFO [main] org.apache.catalina.startup.VersionLoggerListener.log Command line argument: -Dfile.encoding=UTF-8
27-Sep-2023 21:12:38.529 INFO [main] org.apache.catalina.startup.VersionLoggerListener.log Command line argument: -Dsun.stdout.encoding=UTF-8
27-Sep-2023 21:12:38.529 INFO [main] org.apache.catalina.startup.VersionLoggerListener.log Command line argument: -Dsun.stderr.encoding=UTF-8
27-Sep-2023 21:12:38.540 INFO [main] org.apache.catalina.core.AprLifecycleListener.lifecycleEvent The Apache Tomcat Native library which allows using OpenSSL was not found on the java.library.path: [C:\Program Files\Java\jdk-18.0.2.1\bin;C:\Windows\Sun\Java\bin;C:\Windows\system32;C:\Windows;C:\Python27\;C:\Python27\Scripts;C:\oraclexe\app\oracle\product\10.2.0\server\bin;C:\Program Files\Common Files\Oracle\Java\javapath;C:\Program Files\Microsoft\jdk-17.0.7.7-hotspot\bin;C:\Windows\system32;C:\Windows;C:\Windows\System32\Wbem;C:\Windows\System32\WindowsPowerShell\v1.0\;C:\Windows\System32\OpenSSH\;C:\Program Files\CMake\bin;C:\Program Files\MySQL\MySQL Shell 8.0\bin\;C:\Users\Acer\AppData\Local\Programs\Python\Python311\Scripts\;C:\Users\Acer\AppData\Local\Programs\Python\Python311\;C:\Users\Acer\AppData\Local\Microsoft\WindowsApps;;C:\Program Files\JetBrains\PyCharm Community Edition 2023.1.2\bin;;.]
27-Sep-2023 21:12:38.967 INFO [main] org.apache.coyote.AbstractProtocol.init Initializing ProtocolHandler ["http-nio-8099"]
27-Sep-2023 21:12:38.996 INFO [main] org.apache.catalina.startup.Catalina.load Server initialization in [863] milliseconds
27-Sep-2023 21:12:39.061 INFO [main] org.apache.catalina.core.StandardService.startInternal Starting service [Catalina]
27-Sep-2023 21:12:39.061 INFO [main] org.apache.catalina.core.StandardEngine.startInternal Starting Servlet engine: [Apache Tomcat/9.0.80]
27-Sep-2023 21:12:39.075 INFO [main] org.apache.catalina.startup.HostConfig.deployDescriptor Deploying deployment descriptor [C:\Users\Acer\projects\spring2t2\conf\Catalina\localhost\spring2t2.xml]
27-Sep-2023 21:12:40.424 INFO [main] org.apache.jasper.servlet.TldScanner.scanJars At least one JAR was scanned for TLDs yet contained no TLDs. Enable debug logging for this logger for a complete list of JARs that were scanned but no TLDs were found in them. Skipping unneeded JARs during scanning can improve startup time and JSP compilation time.
27-Sep-2023 21:12:40.575 INFO [main] org.apache.catalina.startup.HostConfig.deployDescriptor Deployment of deployment descriptor [C:\Users\Acer\projects\spring2t2\conf\Catalina\localhost\spring2t2.xml] has finished in [1 498] ms
27-Sep-2023 21:12:40.579 INFO [main] org.apache.coyote.AbstractProtocol.start Starting ProtocolHandler ["http-nio-8099"]
27-Sep-2023 21:12:40.672 INFO [main] org.apache.catalina.startup.Catalina.start Server startup in [1674] milliseconds
27-Sep-2023 21:13:51.831 INFO [Thread-1] org.apache.coyote.AbstractProtocol.pause Pausing ProtocolHandler ["http-nio-8099"]
27-Sep-2023 21:13:51.850 INFO [Thread-1] org.apache.catalina.core.StandardService.stopInternal Stopping service [Catalina]
27-Sep-2023 21:13:51.868 INFO [Thread-1] org.apache.coyote.AbstractProtocol.stop Stopping ProtocolHandler ["http-nio-8099"]
27-Sep-2023 21:13:51.887 INFO [Thread-1] org.apache.coyote.AbstractProtocol.destroy Destroying ProtocolHandler ["http-nio-8099"]
27-Sep-2023 21:13:54.369 INFO [main] org.apache.catalina.startup.VersionLoggerListener.log Server version name:   Apache Tomcat/9.0.80
27-Sep-2023 21:13:54.375 INFO [main] org.apache.catalina.startup.VersionLoggerListener.log Server built:          Aug 23 2023 21:59:38 UTC
27-Sep-2023 21:13:54.375 INFO [main] org.apache.catalina.startup.VersionLoggerListener.log Server version number: 9.0.80.0
27-Sep-2023 21:13:54.375 INFO [main] org.apache.catalina.startup.VersionLoggerListener.log OS Name:               Windows 10
27-Sep-2023 21:13:54.375 INFO [main] org.apache.catalina.startup.VersionLoggerListener.log Версия ОС:             10.0
27-Sep-2023 21:13:54.376 INFO [main] org.apache.catalina.startup.VersionLoggerListener.log Архитектура:           amd64
27-Sep-2023 21:13:54.376 INFO [main] org.apache.catalina.startup.VersionLoggerListener.log Java Home:             C:\Program Files\Java\jdk-18.0.2.1
27-Sep-2023 21:13:54.376 INFO [main] org.apache.catalina.startup.VersionLoggerListener.log Версия JVM:            18.0.2.1+1-1
27-Sep-2023 21:13:54.376 INFO [main] org.apache.catalina.startup.VersionLoggerListener.log JVM Vendor:            Oracle Corporation
27-Sep-2023 21:13:54.376 INFO [main] org.apache.catalina.startup.VersionLoggerListener.log CATALINA_BASE:         C:\Users\Acer\projects\spring2t2
27-Sep-2023 21:13:54.376 INFO [main] org.apache.catalina.startup.VersionLoggerListener.log CATALINA_HOME:         C:\tomcat\apache-tomcat-9.0.80
27-Sep-2023 21:13:54.388 INFO [main] org.apache.catalina.startup.VersionLoggerListener.log Command line argument: --add-opens=java.base/java.lang=ALL-UNNAMED
27-Sep-2023 21:13:54.388 INFO [main] org.apache.catalina.startup.VersionLoggerListener.log Command line argument: --add-opens=java.base/java.io=ALL-UNNAMED
27-Sep-2023 21:13:54.389 INFO [main] org.apache.catalina.startup.VersionLoggerListener.log Command line argument: --add-opens=java.base/java.util=ALL-UNNAMED
27-Sep-2023 21:13:54.389 INFO [main] org.apache.catalina.startup.VersionLoggerListener.log Command line argument: --add-opens=java.base/java.util.concurrent=ALL-UNNAMED
27-Sep-2023 21:13:54.389 INFO [main] org.apache.catalina.startup.VersionLoggerListener.log Command line argument: --add-opens=java.rmi/sun.rmi.transport=ALL-UNNAMED
27-Sep-2023 21:13:54.389 INFO [main] org.apache.catalina.startup.VersionLoggerListener.log Command line argument: -Dcatalina.home=C:\tomcat\apache-tomcat-9.0.80
27-Sep-2023 21:13:54.389 INFO [main] org.apache.catalina.startup.VersionLoggerListener.log Command line argument: -Dcatalina.base=C:\Users\Acer\projects\spring2t2
27-Sep-2023 21:13:54.389 INFO [main] org.apache.catalina.startup.VersionLoggerListener.log Command line argument: -Djava.io.tmpdir=C:\Users\Acer\projects\spring2t2\temp
27-Sep-2023 21:13:54.389 INFO [main] org.apache.catalina.startup.VersionLoggerListener.log Command line argument: -Djava.util.logging.config.file=C:\Users\Acer\projects\spring2t2\conf\logging.properties
27-Sep-2023 21:13:54.389 INFO [main] org.apache.catalina.startup.VersionLoggerListener.log Command line argument: -Djava.util.logging.manager=org.apache.juli.ClassLoaderLogManager
27-Sep-2023 21:13:54.389 INFO [main] org.apache.catalina.startup.VersionLoggerListener.log Command line argument: -javaagent:C:\Program Files\JetBrains\IntelliJ IDEA Community Edition 2023.1\lib\idea_rt.jar=57375:C:\Program Files\JetBrains\IntelliJ IDEA Community Edition 2023.1\bin
27-Sep-2023 21:13:54.390 INFO [main] org.apache.catalina.startup.VersionLoggerListener.log Command line argument: -Dfile.encoding=UTF-8
27-Sep-2023 21:13:54.390 INFO [main] org.apache.catalina.startup.VersionLoggerListener.log Command line argument: -Dsun.stdout.encoding=UTF-8
27-Sep-2023 21:13:54.390 INFO [main] org.apache.catalina.startup.VersionLoggerListener.log Command line argument: -Dsun.stderr.encoding=UTF-8
27-Sep-2023 21:13:54.402 INFO [main] org.apache.catalina.core.AprLifecycleListener.lifecycleEvent The Apache Tomcat Native library which allows using OpenSSL was not found on the java.library.path: [C:\Program Files\Java\jdk-18.0.2.1\bin;C:\Windows\Sun\Java\bin;C:\Windows\system32;C:\Windows;C:\Python27\;C:\Python27\Scripts;C:\oraclexe\app\oracle\product\10.2.0\server\bin;C:\Program Files\Common Files\Oracle\Java\javapath;C:\Program Files\Microsoft\jdk-17.0.7.7-hotspot\bin;C:\Windows\system32;C:\Windows;C:\Windows\System32\Wbem;C:\Windows\System32\WindowsPowerShell\v1.0\;C:\Windows\System32\OpenSSH\;C:\Program Files\CMake\bin;C:\Program Files\MySQL\MySQL Shell 8.0\bin\;C:\Users\Acer\AppData\Local\Programs\Python\Python311\Scripts\;C:\Users\Acer\AppData\Local\Programs\Python\Python311\;C:\Users\Acer\AppData\Local\Microsoft\WindowsApps;;C:\Program Files\JetBrains\PyCharm Community Edition 2023.1.2\bin;;.]
27-Sep-2023 21:13:54.837 INFO [main] org.apache.coyote.AbstractProtocol.init Initializing ProtocolHandler ["http-nio-8099"]
27-Sep-2023 21:13:54.878 INFO [main] org.apache.catalina.startup.Catalina.load Server initialization in [870] milliseconds
27-Sep-2023 21:13:54.945 INFO [main] org.apache.catalina.core.StandardService.startInternal Starting service [Catalina]
27-Sep-2023 21:13:54.945 INFO [main] org.apache.catalina.core.StandardEngine.startInternal Starting Servlet engine: [Apache Tomcat/9.0.80]
27-Sep-2023 21:13:54.960 INFO [main] org.apache.catalina.startup.HostConfig.deployDescriptor Deploying deployment descriptor [C:\Users\Acer\projects\spring2t2\conf\Catalina\localhost\spring2t2.xml]
27-Sep-2023 21:13:56.332 INFO [main] org.apache.jasper.servlet.TldScanner.scanJars At least one JAR was scanned for TLDs yet contained no TLDs. Enable debug logging for this logger for a complete list of JARs that were scanned but no TLDs were found in them. Skipping unneeded JARs during scanning can improve startup time and JSP compilation time.
27-Sep-2023 21:13:56.520 INFO [main] org.apache.catalina.startup.HostConfig.deployDescriptor Deployment of deployment descriptor [C:\Users\Acer\projects\spring2t2\conf\Catalina\localhost\spring2t2.xml] has finished in [1 556] ms
27-Sep-2023 21:13:56.525 INFO [main] org.apache.coyote.AbstractProtocol.start Starting ProtocolHandler ["http-nio-8099"]
27-Sep-2023 21:13:56.611 INFO [main] org.apache.catalina.startup.Catalina.start Server startup in [1731] milliseconds
27-Sep-2023 21:14:41.274 INFO [Thread-1] org.apache.coyote.AbstractProtocol.pause Pausing ProtocolHandler ["http-nio-8099"]
27-Sep-2023 21:14:41.293 INFO [Thread-1] org.apache.catalina.core.StandardService.stopInternal Stopping service [Catalina]
27-Sep-2023 21:14:41.314 INFO [Thread-1] org.apache.coyote.AbstractProtocol.stop Stopping ProtocolHandler ["http-nio-8099"]
27-Sep-2023 21:14:41.331 INFO [Thread-1] org.apache.coyote.AbstractProtocol.destroy Destroying ProtocolHandler ["http-nio-8099"]
27-Sep-2023 21:16:17.728 INFO [main] org.apache.catalina.startup.VersionLoggerListener.log Server version name:   Apache Tomcat/9.0.80
27-Sep-2023 21:16:17.733 INFO [main] org.apache.catalina.startup.VersionLoggerListener.log Server built:          Aug 23 2023 21:59:38 UTC
27-Sep-2023 21:16:17.733 INFO [main] org.apache.catalina.startup.VersionLoggerListener.log Server version number: 9.0.80.0
27-Sep-2023 21:16:17.734 INFO [main] org.apache.catalina.startup.VersionLoggerListener.log OS Name:               Windows 10
27-Sep-2023 21:16:17.734 INFO [main] org.apache.catalina.startup.VersionLoggerListener.log Версия ОС:             10.0
27-Sep-2023 21:16:17.734 INFO [main] org.apache.catalina.startup.VersionLoggerListener.log Архитектура:           amd64
27-Sep-2023 21:16:17.734 INFO [main] org.apache.catalina.startup.VersionLoggerListener.log Java Home:             C:\Program Files\Java\jdk-18.0.2.1
27-Sep-2023 21:16:17.734 INFO [main] org.apache.catalina.startup.VersionLoggerListener.log Версия JVM:            18.0.2.1+1-1
27-Sep-2023 21:16:17.735 INFO [main] org.apache.catalina.startup.VersionLoggerListener.log JVM Vendor:            Oracle Corporation
27-Sep-2023 21:16:17.735 INFO [main] org.apache.catalina.startup.VersionLoggerListener.log CATALINA_BASE:         C:\Users\Acer\projects\spring2t2
27-Sep-2023 21:16:17.735 INFO [main] org.apache.catalina.startup.VersionLoggerListener.log CATALINA_HOME:         C:\tomcat\apache-tomcat-9.0.80
27-Sep-2023 21:16:17.747 INFO [main] org.apache.catalina.startup.VersionLoggerListener.log Command line argument: --add-opens=java.base/java.lang=ALL-UNNAMED
27-Sep-2023 21:16:17.747 INFO [main] org.apache.catalina.startup.VersionLoggerListener.log Command line argument: --add-opens=java.base/java.io=ALL-UNNAMED
27-Sep-2023 21:16:17.747 INFO [main] org.apache.catalina.startup.VersionLoggerListener.log Command line argument: --add-opens=java.base/java.util=ALL-UNNAMED
27-Sep-2023 21:16:17.748 INFO [main] org.apache.catalina.startup.VersionLoggerListener.log Command line argument: --add-opens=java.base/java.util.concurrent=ALL-UNNAMED
27-Sep-2023 21:16:17.748 INFO [main] org.apache.catalina.startup.VersionLoggerListener.log Command line argument: --add-opens=java.rmi/sun.rmi.transport=ALL-UNNAMED
27-Sep-2023 21:16:17.748 INFO [main] org.apache.catalina.startup.VersionLoggerListener.log Command line argument: -Dcatalina.home=C:\tomcat\apache-tomcat-9.0.80
27-Sep-2023 21:16:17.748 INFO [main] org.apache.catalina.startup.VersionLoggerListener.log Command line argument: -Dcatalina.base=C:\Users\Acer\projects\spring2t2
27-Sep-2023 21:16:17.748 INFO [main] org.apache.catalina.startup.VersionLoggerListener.log Command line argument: -Djava.io.tmpdir=C:\Users\Acer\projects\spring2t2\temp
27-Sep-2023 21:16:17.748 INFO [main] org.apache.catalina.startup.VersionLoggerListener.log Command line argument: -Djava.util.logging.config.file=C:\Users\Acer\projects\spring2t2\conf\logging.properties
27-Sep-2023 21:16:17.748 INFO [main] org.apache.catalina.startup.VersionLoggerListener.log Command line argument: -Djava.util.logging.manager=org.apache.juli.ClassLoaderLogManager
27-Sep-2023 21:16:17.748 INFO [main] org.apache.catalina.startup.VersionLoggerListener.log Command line argument: -javaagent:C:\Program Files\JetBrains\IntelliJ IDEA Community Edition 2023.1\lib\idea_rt.jar=57395:C:\Program Files\JetBrains\IntelliJ IDEA Community Edition 2023.1\bin
27-Sep-2023 21:16:17.748 INFO [main] org.apache.catalina.startup.VersionLoggerListener.log Command line argument: -Dfile.encoding=UTF-8
27-Sep-2023 21:16:17.749 INFO [main] org.apache.catalina.startup.VersionLoggerListener.log Command line argument: -Dsun.stdout.encoding=UTF-8
27-Sep-2023 21:16:17.749 INFO [main] org.apache.catalina.startup.VersionLoggerListener.log Command line argument: -Dsun.stderr.encoding=UTF-8
27-Sep-2023 21:16:17.762 INFO [main] org.apache.catalina.core.AprLifecycleListener.lifecycleEvent The Apache Tomcat Native library which allows using OpenSSL was not found on the java.library.path: [C:\Program Files\Java\jdk-18.0.2.1\bin;C:\Windows\Sun\Java\bin;C:\Windows\system32;C:\Windows;C:\Python27\;C:\Python27\Scripts;C:\oraclexe\app\oracle\product\10.2.0\server\bin;C:\Program Files\Common Files\Oracle\Java\javapath;C:\Program Files\Microsoft\jdk-17.0.7.7-hotspot\bin;C:\Windows\system32;C:\Windows;C:\Windows\System32\Wbem;C:\Windows\System32\WindowsPowerShell\v1.0\;C:\Windows\System32\OpenSSH\;C:\Program Files\CMake\bin;C:\Program Files\MySQL\MySQL Shell 8.0\bin\;C:\Users\Acer\AppData\Local\Programs\Python\Python311\Scripts\;C:\Users\Acer\AppData\Local\Programs\Python\Python311\;C:\Users\Acer\AppData\Local\Microsoft\WindowsApps;;C:\Program Files\JetBrains\PyCharm Community Edition 2023.1.2\bin;;.]
27-Sep-2023 21:16:18.201 INFO [main] org.apache.coyote.AbstractProtocol.init Initializing ProtocolHandler ["http-nio-8099"]
27-Sep-2023 21:16:18.234 INFO [main] org.apache.catalina.startup.Catalina.load Server initialization in [900] milliseconds
27-Sep-2023 21:16:18.295 INFO [main] org.apache.catalina.core.StandardService.startInternal Starting service [Catalina]
27-Sep-2023 21:16:18.295 INFO [main] org.apache.catalina.core.StandardEngine.startInternal Starting Servlet engine: [Apache Tomcat/9.0.80]
27-Sep-2023 21:16:18.310 INFO [main] org.apache.catalina.startup.HostConfig.deployDescriptor Deploying deployment descriptor [C:\Users\Acer\projects\spring2t2\conf\Catalina\localhost\spring2t2.xml]
27-Sep-2023 21:16:19.733 INFO [main] org.apache.jasper.servlet.TldScanner.scanJars At least one JAR was scanned for TLDs yet contained no TLDs. Enable debug logging for this logger for a complete list of JARs that were scanned but no TLDs were found in them. Skipping unneeded JARs during scanning can improve startup time and JSP compilation time.
27-Sep-2023 21:16:19.911 INFO [main] org.apache.catalina.startup.HostConfig.deployDescriptor Deployment of deployment descriptor [C:\Users\Acer\projects\spring2t2\conf\Catalina\localhost\spring2t2.xml] has finished in [1 597] ms
27-Sep-2023 21:16:19.916 INFO [main] org.apache.coyote.AbstractProtocol.start Starting ProtocolHandler ["http-nio-8099"]
27-Sep-2023 21:16:19.999 INFO [main] org.apache.catalina.startup.Catalina.start Server startup in [1763] milliseconds
27-Sep-2023 21:20:08.318 INFO [Thread-1] org.apache.coyote.AbstractProtocol.pause Pausing ProtocolHandler ["http-nio-8099"]
27-Sep-2023 21:20:08.339 INFO [Thread-1] org.apache.catalina.core.StandardService.stopInternal Stopping service [Catalina]
27-Sep-2023 21:20:08.353 INFO [Thread-1] org.apache.coyote.AbstractProtocol.stop Stopping ProtocolHandler ["http-nio-8099"]
27-Sep-2023 21:20:08.365 INFO [Thread-1] org.apache.coyote.AbstractProtocol.destroy Destroying ProtocolHandler ["http-nio-8099"]
27-Sep-2023 21:23:59.208 INFO [main] org.apache.catalina.startup.VersionLoggerListener.log Server version name:   Apache Tomcat/9.0.80
27-Sep-2023 21:23:59.214 INFO [main] org.apache.catalina.startup.VersionLoggerListener.log Server built:          Aug 23 2023 21:59:38 UTC
27-Sep-2023 21:23:59.215 INFO [main] org.apache.catalina.startup.VersionLoggerListener.log Server version number: 9.0.80.0
27-Sep-2023 21:23:59.215 INFO [main] org.apache.catalina.startup.VersionLoggerListener.log OS Name:               Windows 10
27-Sep-2023 21:23:59.215 INFO [main] org.apache.catalina.startup.VersionLoggerListener.log Версия ОС:             10.0
27-Sep-2023 21:23:59.215 INFO [main] org.apache.catalina.startup.VersionLoggerListener.log Архитектура:           amd64
27-Sep-2023 21:23:59.215 INFO [main] org.apache.catalina.startup.VersionLoggerListener.log Java Home:             C:\Program Files\Java\jdk-18.0.2.1
27-Sep-2023 21:23:59.216 INFO [main] org.apache.catalina.startup.VersionLoggerListener.log Версия JVM:            18.0.2.1+1-1
27-Sep-2023 21:23:59.216 INFO [main] org.apache.catalina.startup.VersionLoggerListener.log JVM Vendor:            Oracle Corporation
27-Sep-2023 21:23:59.216 INFO [main] org.apache.catalina.startup.VersionLoggerListener.log CATALINA_BASE:         C:\Users\Acer\projects\spring2t2
27-Sep-2023 21:23:59.216 INFO [main] org.apache.catalina.startup.VersionLoggerListener.log CATALINA_HOME:         C:\tomcat\apache-tomcat-9.0.80
27-Sep-2023 21:23:59.229 INFO [main] org.apache.catalina.startup.VersionLoggerListener.log Command line argument: --add-opens=java.base/java.lang=ALL-UNNAMED
27-Sep-2023 21:23:59.229 INFO [main] org.apache.catalina.startup.VersionLoggerListener.log Command line argument: --add-opens=java.base/java.io=ALL-UNNAMED
27-Sep-2023 21:23:59.230 INFO [main] org.apache.catalina.startup.VersionLoggerListener.log Command line argument: --add-opens=java.base/java.util=ALL-UNNAMED
27-Sep-2023 21:23:59.230 INFO [main] org.apache.catalina.startup.VersionLoggerListener.log Command line argument: --add-opens=java.base/java.util.concurrent=ALL-UNNAMED
27-Sep-2023 21:23:59.230 INFO [main] org.apache.catalina.startup.VersionLoggerListener.log Command line argument: --add-opens=java.rmi/sun.rmi.transport=ALL-UNNAMED
27-Sep-2023 21:23:59.230 INFO [main] org.apache.catalina.startup.VersionLoggerListener.log Command line argument: -Dcatalina.home=C:\tomcat\apache-tomcat-9.0.80
27-Sep-2023 21:23:59.230 INFO [main] org.apache.catalina.startup.VersionLoggerListener.log Command line argument: -Dcatalina.base=C:\Users\Acer\projects\spring2t2
27-Sep-2023 21:23:59.230 INFO [main] org.apache.catalina.startup.VersionLoggerListener.log Command line argument: -Djava.io.tmpdir=C:\Users\Acer\projects\spring2t2\temp
27-Sep-2023 21:23:59.230 INFO [main] org.apache.catalina.startup.VersionLoggerListener.log Command line argument: -Djava.util.logging.config.file=C:\Users\Acer\projects\spring2t2\conf\logging.properties
27-Sep-2023 21:23:59.230 INFO [main] org.apache.catalina.startup.VersionLoggerListener.log Command line argument: -Djava.util.logging.manager=org.apache.juli.ClassLoaderLogManager
27-Sep-2023 21:23:59.231 INFO [main] org.apache.catalina.startup.VersionLoggerListener.log Command line argument: -javaagent:C:\Program Files\JetBrains\IntelliJ IDEA Community Edition 2023.1\lib\idea_rt.jar=57493:C:\Program Files\JetBrains\IntelliJ IDEA Community Edition 2023.1\bin
27-Sep-2023 21:23:59.231 INFO [main] org.apache.catalina.startup.VersionLoggerListener.log Command line argument: -Dfile.encoding=UTF-8
27-Sep-2023 21:23:59.231 INFO [main] org.apache.catalina.startup.VersionLoggerListener.log Command line argument: -Dsun.stdout.encoding=UTF-8
27-Sep-2023 21:23:59.231 INFO [main] org.apache.catalina.startup.VersionLoggerListener.log Command line argument: -Dsun.stderr.encoding=UTF-8
27-Sep-2023 21:23:59.246 INFO [main] org.apache.catalina.core.AprLifecycleListener.lifecycleEvent The Apache Tomcat Native library which allows using OpenSSL was not found on the java.library.path: [C:\Program Files\Java\jdk-18.0.2.1\bin;C:\Windows\Sun\Java\bin;C:\Windows\system32;C:\Windows;C:\Python27\;C:\Python27\Scripts;C:\oraclexe\app\oracle\product\10.2.0\server\bin;C:\Program Files\Common Files\Oracle\Java\javapath;C:\Program Files\Microsoft\jdk-17.0.7.7-hotspot\bin;C:\Windows\system32;C:\Windows;C:\Windows\System32\Wbem;C:\Windows\System32\WindowsPowerShell\v1.0\;C:\Windows\System32\OpenSSH\;C:\Program Files\CMake\bin;C:\Program Files\MySQL\MySQL Shell 8.0\bin\;C:\Users\Acer\AppData\Local\Programs\Python\Python311\Scripts\;C:\Users\Acer\AppData\Local\Programs\Python\Python311\;C:\Users\Acer\AppData\Local\Microsoft\WindowsApps;;C:\Program Files\JetBrains\PyCharm Community Edition 2023.1.2\bin;;.]
27-Sep-2023 21:23:59.706 INFO [main] org.apache.coyote.AbstractProtocol.init Initializing ProtocolHandler ["http-nio-8099"]
27-Sep-2023 21:23:59.734 INFO [main] org.apache.catalina.startup.Catalina.load Server initialization in [891] milliseconds
27-Sep-2023 21:23:59.798 INFO [main] org.apache.catalina.core.StandardService.startInternal Starting service [Catalina]
27-Sep-2023 21:23:59.798 INFO [main] org.apache.catalina.core.StandardEngine.startInternal Starting Servlet engine: [Apache Tomcat/9.0.80]
27-Sep-2023 21:23:59.813 INFO [main] org.apache.catalina.startup.HostConfig.deployDescriptor Deploying deployment descriptor [C:\Users\Acer\projects\spring2t2\conf\Catalina\localhost\spring2t2.xml]
27-Sep-2023 21:24:00.985 INFO [main] org.apache.jasper.servlet.TldScanner.scanJars At least one JAR was scanned for TLDs yet contained no TLDs. Enable debug logging for this logger for a complete list of JARs that were scanned but no TLDs were found in them. Skipping unneeded JARs during scanning can improve startup time and JSP compilation time.
27-Sep-2023 21:24:01.174 WARNING [main] org.apache.catalina.util.SessionIdGeneratorBase.createSecureRandom Creation of SecureRandom instance for session ID generation using [SHA1PRNG] took [113] milliseconds.
27-Sep-2023 21:24:01.283 INFO [main] org.apache.catalina.startup.HostConfig.deployDescriptor Deployment of deployment descriptor [C:\Users\Acer\projects\spring2t2\conf\Catalina\localhost\spring2t2.xml] has finished in [1 470] ms
27-Sep-2023 21:24:01.291 INFO [main] org.apache.coyote.AbstractProtocol.start Starting ProtocolHandler ["http-nio-8099"]
27-Sep-2023 21:24:01.437 INFO [main] org.apache.catalina.startup.Catalina.start Server startup in [1699] milliseconds
27-Sep-2023 21:24:49.101 INFO [Thread-1] org.apache.coyote.AbstractProtocol.pause Pausing ProtocolHandler ["http-nio-8099"]
27-Sep-2023 21:24:49.130 INFO [Thread-1] org.apache.catalina.core.StandardService.stopInternal Stopping service [Catalina]
27-Sep-2023 21:24:49.185 INFO [Thread-1] org.apache.coyote.AbstractProtocol.stop Stopping ProtocolHandler ["http-nio-8099"]
27-Sep-2023 21:24:49.303 INFO [Thread-1] org.apache.coyote.AbstractProtocol.destroy Destroying ProtocolHandler ["http-nio-8099"]
27-Sep-2023 21:25:12.751 INFO [main] org.apache.catalina.startup.VersionLoggerListener.log Server version name:   Apache Tomcat/9.0.80
27-Sep-2023 21:25:12.756 INFO [main] org.apache.catalina.startup.VersionLoggerListener.log Server built:          Aug 23 2023 21:59:38 UTC
27-Sep-2023 21:25:12.756 INFO [main] org.apache.catalina.startup.VersionLoggerListener.log Server version number: 9.0.80.0
27-Sep-2023 21:25:12.756 INFO [main] org.apache.catalina.startup.VersionLoggerListener.log OS Name:               Windows 10
27-Sep-2023 21:25:12.757 INFO [main] org.apache.catalina.startup.VersionLoggerListener.log Версия ОС:             10.0
27-Sep-2023 21:25:12.757 INFO [main] org.apache.catalina.startup.VersionLoggerListener.log Архитектура:           amd64
27-Sep-2023 21:25:12.757 INFO [main] org.apache.catalina.startup.VersionLoggerListener.log Java Home:             C:\Program Files\Java\jdk-18.0.2.1
27-Sep-2023 21:25:12.757 INFO [main] org.apache.catalina.startup.VersionLoggerListener.log Версия JVM:            18.0.2.1+1-1
27-Sep-2023 21:25:12.758 INFO [main] org.apache.catalina.startup.VersionLoggerListener.log JVM Vendor:            Oracle Corporation
27-Sep-2023 21:25:12.758 INFO [main] org.apache.catalina.startup.VersionLoggerListener.log CATALINA_BASE:         C:\Users\Acer\projects\spring2t2
27-Sep-2023 21:25:12.758 INFO [main] org.apache.catalina.startup.VersionLoggerListener.log CATALINA_HOME:         C:\tomcat\apache-tomcat-9.0.80
27-Sep-2023 21:25:12.771 INFO [main] org.apache.catalina.startup.VersionLoggerListener.log Command line argument: --add-opens=java.base/java.lang=ALL-UNNAMED
27-Sep-2023 21:25:12.771 INFO [main] org.apache.catalina.startup.VersionLoggerListener.log Command line argument: --add-opens=java.base/java.io=ALL-UNNAMED
27-Sep-2023 21:25:12.771 INFO [main] org.apache.catalina.startup.VersionLoggerListener.log Command line argument: --add-opens=java.base/java.util=ALL-UNNAMED
27-Sep-2023 21:25:12.771 INFO [main] org.apache.catalina.startup.VersionLoggerListener.log Command line argument: --add-opens=java.base/java.util.concurrent=ALL-UNNAMED
27-Sep-2023 21:25:12.772 INFO [main] org.apache.catalina.startup.VersionLoggerListener.log Command line argument: --add-opens=java.rmi/sun.rmi.transport=ALL-UNNAMED
27-Sep-2023 21:25:12.772 INFO [main] org.apache.catalina.startup.VersionLoggerListener.log Command line argument: -Dcatalina.home=C:\tomcat\apache-tomcat-9.0.80
27-Sep-2023 21:25:12.772 INFO [main] org.apache.catalina.startup.VersionLoggerListener.log Command line argument: -Dcatalina.base=C:\Users\Acer\projects\spring2t2
27-Sep-2023 21:25:12.772 INFO [main] org.apache.catalina.startup.VersionLoggerListener.log Command line argument: -Djava.io.tmpdir=C:\Users\Acer\projects\spring2t2\temp
27-Sep-2023 21:25:12.772 INFO [main] org.apache.catalina.startup.VersionLoggerListener.log Command line argument: -Djava.util.logging.config.file=C:\Users\Acer\projects\spring2t2\conf\logging.properties
27-Sep-2023 21:25:12.772 INFO [main] org.apache.catalina.startup.VersionLoggerListener.log Command line argument: -Djava.util.logging.manager=org.apache.juli.ClassLoaderLogManager
27-Sep-2023 21:25:12.772 INFO [main] org.apache.catalina.startup.VersionLoggerListener.log Command line argument: -javaagent:C:\Program Files\JetBrains\IntelliJ IDEA Community Edition 2023.1\lib\idea_rt.jar=57509:C:\Program Files\JetBrains\IntelliJ IDEA Community Edition 2023.1\bin
27-Sep-2023 21:25:12.772 INFO [main] org.apache.catalina.startup.VersionLoggerListener.log Command line argument: -Dfile.encoding=UTF-8
27-Sep-2023 21:25:12.772 INFO [main] org.apache.catalina.startup.VersionLoggerListener.log Command line argument: -Dsun.stdout.encoding=UTF-8
27-Sep-2023 21:25:12.773 INFO [main] org.apache.catalina.startup.VersionLoggerListener.log Command line argument: -Dsun.stderr.encoding=UTF-8
27-Sep-2023 21:25:12.790 INFO [main] org.apache.catalina.core.AprLifecycleListener.lifecycleEvent The Apache Tomcat Native library which allows using OpenSSL was not found on the java.library.path: [C:\Program Files\Java\jdk-18.0.2.1\bin;C:\Windows\Sun\Java\bin;C:\Windows\system32;C:\Windows;C:\Python27\;C:\Python27\Scripts;C:\oraclexe\app\oracle\product\10.2.0\server\bin;C:\Program Files\Common Files\Oracle\Java\javapath;C:\Program Files\Microsoft\jdk-17.0.7.7-hotspot\bin;C:\Windows\system32;C:\Windows;C:\Windows\System32\Wbem;C:\Windows\System32\WindowsPowerShell\v1.0\;C:\Windows\System32\OpenSSH\;C:\Program Files\CMake\bin;C:\Program Files\MySQL\MySQL Shell 8.0\bin\;C:\Users\Acer\AppData\Local\Programs\Python\Python311\Scripts\;C:\Users\Acer\AppData\Local\Programs\Python\Python311\;C:\Users\Acer\AppData\Local\Microsoft\WindowsApps;;C:\Program Files\JetBrains\PyCharm Community Edition 2023.1.2\bin;;.]
27-Sep-2023 21:25:13.238 INFO [main] org.apache.coyote.AbstractProtocol.init Initializing ProtocolHandler ["http-nio-8099"]
27-Sep-2023 21:25:13.268 INFO [main] org.apache.catalina.startup.Catalina.load Server initialization in [896] milliseconds
27-Sep-2023 21:25:13.343 INFO [main] org.apache.catalina.core.StandardService.startInternal Starting service [Catalina]
27-Sep-2023 21:25:13.344 INFO [main] org.apache.catalina.core.StandardEngine.startInternal Starting Servlet engine: [Apache Tomcat/9.0.80]
27-Sep-2023 21:25:13.357 INFO [main] org.apache.catalina.startup.HostConfig.deployDescriptor Deploying deployment descriptor [C:\Users\Acer\projects\spring2t2\conf\Catalina\localhost\spring2t2.xml]
27-Sep-2023 21:25:14.671 INFO [main] org.apache.jasper.servlet.TldScanner.scanJars At least one JAR was scanned for TLDs yet contained no TLDs. Enable debug logging for this logger for a complete list of JARs that were scanned but no TLDs were found in them. Skipping unneeded JARs during scanning can improve startup time and JSP compilation time.
27-Sep-2023 21:25:14.910 INFO [main] org.apache.catalina.startup.HostConfig.deployDescriptor Deployment of deployment descriptor [C:\Users\Acer\projects\spring2t2\conf\Catalina\localhost\spring2t2.xml] has finished in [1 551] ms
27-Sep-2023 21:25:14.915 INFO [main] org.apache.coyote.AbstractProtocol.start Starting ProtocolHandler ["http-nio-8099"]
27-Sep-2023 21:25:14.998 INFO [main] org.apache.catalina.startup.Catalina.start Server startup in [1728] milliseconds
